{"/home/fojia/Projects/Vention/edu-ai-challenge-2025/8/example.ts": {"path":"/home/fojia/Projects/Vention/edu-ai-challenge-2025/8/example.ts","statementMap":{"0":{"start":{"line":1,"column":0},"end":{"line":1,"column":34}},"1":{"start":{"line":3,"column":0},"end":{"line":3,"column":51}},"2":{"start":{"line":6,"column":0},"end":{"line":6,"column":53}},"3":{"start":{"line":7,"column":22},"end":{"line":7,"column":64}},"4":{"start":{"line":8,"column":19},"end":{"line":8,"column":53}},"5":{"start":{"line":9,"column":0},"end":{"line":9,"column":39}},"6":{"start":{"line":11,"column":26},"end":{"line":11,"column":53}},"7":{"start":{"line":12,"column":0},"end":{"line":12,"column":48}},"8":{"start":{"line":13,"column":0},"end":{"line":13,"column":14}},"9":{"start":{"line":16,"column":0},"end":{"line":16,"column":46}},"10":{"start":{"line":17,"column":23},"end":{"line":19,"column":54}},"11":{"start":{"line":21,"column":20},"end":{"line":21,"column":63}},"12":{"start":{"line":22,"column":0},"end":{"line":22,"column":41}},"13":{"start":{"line":24,"column":27},"end":{"line":24,"column":67}},"14":{"start":{"line":25,"column":0},"end":{"line":25,"column":50}},"15":{"start":{"line":26,"column":0},"end":{"line":26,"column":14}},"16":{"start":{"line":29,"column":0},"end":{"line":29,"column":47}},"17":{"start":{"line":30,"column":21},"end":{"line":30,"column":62}},"18":{"start":{"line":31,"column":18},"end":{"line":31,"column":43}},"19":{"start":{"line":32,"column":0},"end":{"line":32,"column":37}},"20":{"start":{"line":34,"column":25},"end":{"line":34,"column":53}},"21":{"start":{"line":35,"column":0},"end":{"line":35,"column":46}},"22":{"start":{"line":36,"column":0},"end":{"line":36,"column":14}},"23":{"start":{"line":39,"column":0},"end":{"line":39,"column":46}},"24":{"start":{"line":40,"column":22},"end":{"line":40,"column":88}},"25":{"start":{"line":41,"column":19},"end":{"line":41,"column":85}},"26":{"start":{"line":42,"column":0},"end":{"line":42,"column":39}},"27":{"start":{"line":44,"column":26},"end":{"line":44,"column":68}},"28":{"start":{"line":45,"column":0},"end":{"line":45,"column":48}},"29":{"start":{"line":46,"column":0},"end":{"line":46,"column":14}},"30":{"start":{"line":49,"column":0},"end":{"line":49,"column":55}},"31":{"start":{"line":50,"column":19},"end":{"line":61,"column":2}},"32":{"start":{"line":63,"column":18},"end":{"line":74,"column":2}},"33":{"start":{"line":76,"column":19},"end":{"line":76,"column":49}},"34":{"start":{"line":77,"column":0},"end":{"line":80,"column":3}},"35":{"start":{"line":82,"column":20},"end":{"line":88,"column":2}},"36":{"start":{"line":90,"column":26},"end":{"line":90,"column":58}},"37":{"start":{"line":91,"column":0},"end":{"line":91,"column":36}},"38":{"start":{"line":92,"column":0},"end":{"line":92,"column":51}},"39":{"start":{"line":93,"column":0},"end":{"line":93,"column":51}},"40":{"start":{"line":94,"column":0},"end":{"line":94,"column":14}},"41":{"start":{"line":97,"column":0},"end":{"line":97,"column":45}},"42":{"start":{"line":98,"column":28},"end":{"line":98,"column":61}},"43":{"start":{"line":99,"column":19},"end":{"line":99,"column":71}},"44":{"start":{"line":100,"column":0},"end":{"line":100,"column":67}},"45":{"start":{"line":102,"column":23},"end":{"line":102,"column":75}},"46":{"start":{"line":103,"column":0},"end":{"line":103,"column":102}},"47":{"start":{"line":104,"column":0},"end":{"line":104,"column":14}},"48":{"start":{"line":106,"column":0},"end":{"line":106,"column":78}},"49":{"start":{"line":107,"column":0},"end":{"line":107,"column":84}},"50":{"start":{"line":108,"column":0},"end":{"line":108,"column":67}}},"fnMap":{},"branchMap":{},"s":{"0":0,"1":0,"2":0,"3":0,"4":0,"5":0,"6":0,"7":0,"8":0,"9":0,"10":0,"11":0,"12":0,"13":0,"14":0,"15":0,"16":0,"17":0,"18":0,"19":0,"20":0,"21":0,"22":0,"23":0,"24":0,"25":0,"26":0,"27":0,"28":0,"29":0,"30":0,"31":0,"32":0,"33":0,"34":0,"35":0,"36":0,"37":0,"38":0,"39":0,"40":0,"41":0,"42":0,"43":0,"44":0,"45":0,"46":0,"47":0,"48":0,"49":0,"50":0},"f":{},"b":{}}
,"/home/fojia/Projects/Vention/edu-ai-challenge-2025/8/schema.ts": {"path":"/home/fojia/Projects/Vention/edu-ai-challenge-2025/8/schema.ts","statementMap":{"0":{"start":{"line":14,"column":12},"end":{"line":14,"column":39}},"1":{"start":{"line":21,"column":4},"end":{"line":21,"column":26}},"2":{"start":{"line":22,"column":4},"end":{"line":22,"column":16}},"3":{"start":{"line":29,"column":4},"end":{"line":29,"column":33}},"4":{"start":{"line":30,"column":4},"end":{"line":30,"column":16}},"5":{"start":{"line":42,"column":4},"end":{"line":42,"column":38}},"6":{"start":{"line":49,"column":4},"end":{"line":51,"column":5}},"7":{"start":{"line":50,"column":6},"end":{"line":50,"column":48}},"8":{"start":{"line":52,"column":4},"end":{"line":52,"column":16}},"9":{"start":{"line":13,"column":0},"end":{"line":13,"column":22}},"10":{"start":{"line":68,"column":4},"end":{"line":68,"column":26}},"11":{"start":{"line":69,"column":4},"end":{"line":69,"column":16}},"12":{"start":{"line":76,"column":4},"end":{"line":76,"column":26}},"13":{"start":{"line":77,"column":4},"end":{"line":77,"column":16}},"14":{"start":{"line":84,"column":4},"end":{"line":84,"column":26}},"15":{"start":{"line":85,"column":4},"end":{"line":85,"column":16}},"16":{"start":{"line":89,"column":27},"end":{"line":89,"column":53}},"17":{"start":{"line":90,"column":4},"end":{"line":90,"column":46}},"18":{"start":{"line":90,"column":24},"end":{"line":90,"column":46}},"19":{"start":{"line":92,"column":29},"end":{"line":92,"column":31}},"20":{"start":{"line":95,"column":4},"end":{"line":98,"column":5}},"21":{"start":{"line":96,"column":22},"end":{"line":96,"column":82}},"22":{"start":{"line":97,"column":6},"end":{"line":97,"column":49}},"23":{"start":{"line":101,"column":4},"end":{"line":103,"column":5}},"24":{"start":{"line":102,"column":6},"end":{"line":102,"column":80}},"25":{"start":{"line":106,"column":4},"end":{"line":108,"column":5}},"26":{"start":{"line":107,"column":6},"end":{"line":107,"column":79}},"27":{"start":{"line":111,"column":4},"end":{"line":113,"column":5}},"28":{"start":{"line":112,"column":6},"end":{"line":112,"column":82}},"29":{"start":{"line":115,"column":4},"end":{"line":115,"column":65}},"30":{"start":{"line":59,"column":0},"end":{"line":59,"column":13}},"31":{"start":{"line":131,"column":4},"end":{"line":131,"column":20}},"32":{"start":{"line":132,"column":4},"end":{"line":132,"column":16}},"33":{"start":{"line":139,"column":4},"end":{"line":139,"column":20}},"34":{"start":{"line":140,"column":4},"end":{"line":140,"column":16}},"35":{"start":{"line":147,"column":4},"end":{"line":147,"column":25}},"36":{"start":{"line":148,"column":4},"end":{"line":148,"column":16}},"37":{"start":{"line":152,"column":27},"end":{"line":152,"column":53}},"38":{"start":{"line":153,"column":4},"end":{"line":153,"column":46}},"39":{"start":{"line":153,"column":24},"end":{"line":153,"column":46}},"40":{"start":{"line":155,"column":29},"end":{"line":155,"column":31}},"41":{"start":{"line":158,"column":4},"end":{"line":161,"column":5}},"42":{"start":{"line":159,"column":22},"end":{"line":159,"column":82}},"43":{"start":{"line":160,"column":6},"end":{"line":160,"column":49}},"44":{"start":{"line":164,"column":4},"end":{"line":166,"column":5}},"45":{"start":{"line":165,"column":6},"end":{"line":165,"column":58}},"46":{"start":{"line":169,"column":4},"end":{"line":171,"column":5}},"47":{"start":{"line":170,"column":6},"end":{"line":170,"column":57}},"48":{"start":{"line":174,"column":4},"end":{"line":176,"column":5}},"49":{"start":{"line":175,"column":6},"end":{"line":175,"column":47}},"50":{"start":{"line":178,"column":4},"end":{"line":178,"column":65}},"51":{"start":{"line":122,"column":0},"end":{"line":122,"column":13}},"52":{"start":{"line":187,"column":27},"end":{"line":187,"column":53}},"53":{"start":{"line":188,"column":4},"end":{"line":188,"column":46}},"54":{"start":{"line":188,"column":24},"end":{"line":188,"column":46}},"55":{"start":{"line":190,"column":4},"end":{"line":193,"column":5}},"56":{"start":{"line":191,"column":22},"end":{"line":191,"column":83}},"57":{"start":{"line":192,"column":6},"end":{"line":192,"column":49}},"58":{"start":{"line":195,"column":4},"end":{"line":195,"column":46}},"59":{"start":{"line":185,"column":0},"end":{"line":185,"column":13}},"60":{"start":{"line":210,"column":4},"end":{"line":210,"column":25}},"61":{"start":{"line":211,"column":4},"end":{"line":211,"column":16}},"62":{"start":{"line":218,"column":4},"end":{"line":218,"column":25}},"63":{"start":{"line":219,"column":4},"end":{"line":219,"column":16}},"64":{"start":{"line":223,"column":27},"end":{"line":223,"column":53}},"65":{"start":{"line":224,"column":4},"end":{"line":224,"column":46}},"66":{"start":{"line":224,"column":24},"end":{"line":224,"column":46}},"67":{"start":{"line":226,"column":29},"end":{"line":226,"column":31}},"68":{"start":{"line":230,"column":4},"end":{"line":237,"column":5}},"69":{"start":{"line":231,"column":6},"end":{"line":231,"column":24}},"70":{"start":{"line":232,"column":11},"end":{"line":237,"column":5}},"71":{"start":{"line":233,"column":6},"end":{"line":233,"column":34}},"72":{"start":{"line":235,"column":22},"end":{"line":235,"column":80}},"73":{"start":{"line":236,"column":6},"end":{"line":236,"column":49}},"74":{"start":{"line":240,"column":4},"end":{"line":243,"column":5}},"75":{"start":{"line":241,"column":22},"end":{"line":241,"column":58}},"76":{"start":{"line":242,"column":6},"end":{"line":242,"column":49}},"77":{"start":{"line":246,"column":4},"end":{"line":248,"column":5}},"78":{"start":{"line":247,"column":6},"end":{"line":247,"column":71}},"79":{"start":{"line":251,"column":4},"end":{"line":253,"column":5}},"80":{"start":{"line":252,"column":6},"end":{"line":252,"column":72}},"81":{"start":{"line":255,"column":4},"end":{"line":255,"column":69}},"82":{"start":{"line":202,"column":0},"end":{"line":202,"column":13}},"83":{"start":{"line":267,"column":4},"end":{"line":267,"column":12}},"84":{"start":{"line":266,"column":22},"end":{"line":266,"column":49}},"85":{"start":{"line":274,"column":4},"end":{"line":274,"column":25}},"86":{"start":{"line":275,"column":4},"end":{"line":275,"column":16}},"87":{"start":{"line":282,"column":4},"end":{"line":282,"column":25}},"88":{"start":{"line":283,"column":4},"end":{"line":283,"column":16}},"89":{"start":{"line":287,"column":27},"end":{"line":287,"column":53}},"90":{"start":{"line":288,"column":4},"end":{"line":288,"column":46}},"91":{"start":{"line":288,"column":24},"end":{"line":288,"column":46}},"92":{"start":{"line":290,"column":29},"end":{"line":290,"column":31}},"93":{"start":{"line":293,"column":4},"end":{"line":296,"column":5}},"94":{"start":{"line":294,"column":22},"end":{"line":294,"column":81}},"95":{"start":{"line":295,"column":6},"end":{"line":295,"column":49}},"96":{"start":{"line":299,"column":4},"end":{"line":301,"column":5}},"97":{"start":{"line":300,"column":6},"end":{"line":300,"column":70}},"98":{"start":{"line":304,"column":4},"end":{"line":306,"column":5}},"99":{"start":{"line":305,"column":6},"end":{"line":305,"column":69}},"100":{"start":{"line":309,"column":32},"end":{"line":309,"column":34}},"101":{"start":{"line":310,"column":4},"end":{"line":317,"column":5}},"102":{"start":{"line":310,"column":17},"end":{"line":310,"column":18}},"103":{"start":{"line":311,"column":25},"end":{"line":311,"column":62}},"104":{"start":{"line":312,"column":6},"end":{"line":316,"column":7}},"105":{"start":{"line":313,"column":8},"end":{"line":313,"column":75}},"106":{"start":{"line":315,"column":8},"end":{"line":315,"column":46}},"107":{"start":{"line":319,"column":4},"end":{"line":319,"column":74}},"108":{"start":{"line":262,"column":0},"end":{"line":262,"column":13}},"109":{"start":{"line":328,"column":4},"end":{"line":328,"column":12}},"110":{"start":{"line":327,"column":22},"end":{"line":327,"column":60}},"111":{"start":{"line":332,"column":27},"end":{"line":332,"column":53}},"112":{"start":{"line":333,"column":4},"end":{"line":333,"column":46}},"113":{"start":{"line":333,"column":24},"end":{"line":333,"column":46}},"114":{"start":{"line":335,"column":29},"end":{"line":335,"column":31}},"115":{"start":{"line":338,"column":4},"end":{"line":341,"column":5}},"116":{"start":{"line":339,"column":22},"end":{"line":339,"column":82}},"117":{"start":{"line":340,"column":6},"end":{"line":340,"column":49}},"118":{"start":{"line":343,"column":33},"end":{"line":343,"column":35}},"119":{"start":{"line":346,"column":4},"end":{"line":355,"column":5}},"120":{"start":{"line":347,"column":28},"end":{"line":347,"column":38}},"121":{"start":{"line":348,"column":29},"end":{"line":348,"column":62}},"122":{"start":{"line":350,"column":6},"end":{"line":354,"column":7}},"123":{"start":{"line":351,"column":8},"end":{"line":351,"column":78}},"124":{"start":{"line":353,"column":8},"end":{"line":353,"column":52}},"125":{"start":{"line":357,"column":4},"end":{"line":357,"column":75}},"126":{"start":{"line":326,"column":0},"end":{"line":326,"column":13}},"127":{"start":{"line":369,"column":4},"end":{"line":369,"column":33}},"128":{"start":{"line":376,"column":4},"end":{"line":376,"column":33}},"129":{"start":{"line":383,"column":4},"end":{"line":383,"column":34}},"130":{"start":{"line":390,"column":4},"end":{"line":390,"column":31}},"131":{"start":{"line":397,"column":4},"end":{"line":397,"column":42}},"132":{"start":{"line":404,"column":4},"end":{"line":404,"column":48}},"133":{"start":{"line":364,"column":0},"end":{"line":364,"column":13}},"134":{"start":{"line":409,"column":22},"end":{"line":414,"column":2}},"135":{"start":{"line":416,"column":19},"end":{"line":425,"column":2}},"136":{"start":{"line":428,"column":17},"end":{"line":440,"column":2}},"137":{"start":{"line":442,"column":15},"end":{"line":442,"column":44}},"138":{"start":{"line":443,"column":0},"end":{"line":443,"column":42}}},"fnMap":{"0":{"name":"(anonymous_0)","decl":{"start":{"line":13,"column":0},"end":{"line":13,"column":22}},"loc":{"start":{"line":13,"column":0},"end":{"line":54,"column":1}}},"1":{"name":"(anonymous_1)","decl":{"start":{"line":20,"column":2},"end":{"line":20,"column":10}},"loc":{"start":{"line":20,"column":10},"end":{"line":23,"column":3}}},"2":{"name":"(anonymous_2)","decl":{"start":{"line":28,"column":2},"end":{"line":28,"column":13}},"loc":{"start":{"line":28,"column":29},"end":{"line":31,"column":3}}},"3":{"name":"(anonymous_3)","decl":{"start":{"line":41,"column":12},"end":{"line":41,"column":24}},"loc":{"start":{"line":41,"column":75},"end":{"line":43,"column":3}}},"4":{"name":"(anonymous_4)","decl":{"start":{"line":48,"column":12},"end":{"line":48,"column":26}},"loc":{"start":{"line":48,"column":37},"end":{"line":53,"column":3}}},"5":{"name":"(anonymous_5)","decl":{"start":{"line":67,"column":2},"end":{"line":67,"column":11}},"loc":{"start":{"line":67,"column":23},"end":{"line":70,"column":3}}},"6":{"name":"(anonymous_6)","decl":{"start":{"line":75,"column":2},"end":{"line":75,"column":11}},"loc":{"start":{"line":75,"column":23},"end":{"line":78,"column":3}}},"7":{"name":"(anonymous_7)","decl":{"start":{"line":83,"column":2},"end":{"line":83,"column":9}},"loc":{"start":{"line":83,"column":23},"end":{"line":86,"column":3}}},"8":{"name":"(anonymous_8)","decl":{"start":{"line":88,"column":2},"end":{"line":88,"column":10}},"loc":{"start":{"line":88,"column":21},"end":{"line":116,"column":3}}},"9":{"name":"(anonymous_9)","decl":{"start":{"line":130,"column":2},"end":{"line":130,"column":5}},"loc":{"start":{"line":130,"column":17},"end":{"line":133,"column":3}}},"10":{"name":"(anonymous_10)","decl":{"start":{"line":138,"column":2},"end":{"line":138,"column":5}},"loc":{"start":{"line":138,"column":17},"end":{"line":141,"column":3}}},"11":{"name":"(anonymous_11)","decl":{"start":{"line":146,"column":2},"end":{"line":146,"column":9}},"loc":{"start":{"line":146,"column":9},"end":{"line":149,"column":3}}},"12":{"name":"(anonymous_12)","decl":{"start":{"line":151,"column":2},"end":{"line":151,"column":10}},"loc":{"start":{"line":151,"column":21},"end":{"line":179,"column":3}}},"13":{"name":"(anonymous_13)","decl":{"start":{"line":186,"column":2},"end":{"line":186,"column":10}},"loc":{"start":{"line":186,"column":21},"end":{"line":196,"column":3}}},"14":{"name":"(anonymous_14)","decl":{"start":{"line":209,"column":2},"end":{"line":209,"column":9}},"loc":{"start":{"line":209,"column":20},"end":{"line":212,"column":3}}},"15":{"name":"(anonymous_15)","decl":{"start":{"line":217,"column":2},"end":{"line":217,"column":9}},"loc":{"start":{"line":217,"column":20},"end":{"line":220,"column":3}}},"16":{"name":"(anonymous_16)","decl":{"start":{"line":222,"column":2},"end":{"line":222,"column":10}},"loc":{"start":{"line":222,"column":21},"end":{"line":256,"column":3}}},"17":{"name":"(anonymous_17)","decl":{"start":{"line":266,"column":2},"end":{"line":266,"column":22}},"loc":{"start":{"line":266,"column":49},"end":{"line":268,"column":3}}},"18":{"name":"(anonymous_18)","decl":{"start":{"line":273,"column":2},"end":{"line":273,"column":10}},"loc":{"start":{"line":273,"column":22},"end":{"line":276,"column":3}}},"19":{"name":"(anonymous_19)","decl":{"start":{"line":281,"column":2},"end":{"line":281,"column":10}},"loc":{"start":{"line":281,"column":22},"end":{"line":284,"column":3}}},"20":{"name":"(anonymous_20)","decl":{"start":{"line":286,"column":2},"end":{"line":286,"column":10}},"loc":{"start":{"line":286,"column":21},"end":{"line":320,"column":3}}},"21":{"name":"(anonymous_21)","decl":{"start":{"line":327,"column":2},"end":{"line":327,"column":22}},"loc":{"start":{"line":327,"column":60},"end":{"line":329,"column":3}}},"22":{"name":"(anonymous_22)","decl":{"start":{"line":331,"column":2},"end":{"line":331,"column":10}},"loc":{"start":{"line":331,"column":21},"end":{"line":358,"column":3}}},"23":{"name":"(anonymous_23)","decl":{"start":{"line":368,"column":2},"end":{"line":368,"column":8}},"loc":{"start":{"line":368,"column":15},"end":{"line":370,"column":3}}},"24":{"name":"(anonymous_24)","decl":{"start":{"line":375,"column":2},"end":{"line":375,"column":8}},"loc":{"start":{"line":375,"column":15},"end":{"line":377,"column":3}}},"25":{"name":"(anonymous_25)","decl":{"start":{"line":382,"column":2},"end":{"line":382,"column":8}},"loc":{"start":{"line":382,"column":16},"end":{"line":384,"column":3}}},"26":{"name":"(anonymous_26)","decl":{"start":{"line":389,"column":2},"end":{"line":389,"column":8}},"loc":{"start":{"line":389,"column":13},"end":{"line":391,"column":3}}},"27":{"name":"(anonymous_27)","decl":{"start":{"line":396,"column":2},"end":{"line":396,"column":8}},"loc":{"start":{"line":396,"column":57},"end":{"line":398,"column":3}}},"28":{"name":"(anonymous_28)","decl":{"start":{"line":403,"column":2},"end":{"line":403,"column":8}},"loc":{"start":{"line":403,"column":45},"end":{"line":405,"column":3}}}},"branchMap":{"0":{"loc":{"start":{"line":41,"column":43},"end":{"line":41,"column":64}},"type":"default-arg","locations":[{"start":{"line":41,"column":62},"end":{"line":41,"column":64}}]},"1":{"loc":{"start":{"line":49,"column":4},"end":{"line":51,"column":5}},"type":"if","locations":[{"start":{"line":49,"column":4},"end":{"line":51,"column":5}}]},"2":{"loc":{"start":{"line":49,"column":8},"end":{"line":49,"column":65}},"type":"binary-expr","locations":[{"start":{"line":49,"column":8},"end":{"line":49,"column":22}},{"start":{"line":49,"column":27},"end":{"line":49,"column":46}},{"start":{"line":49,"column":50},"end":{"line":49,"column":64}}]},"3":{"loc":{"start":{"line":90,"column":4},"end":{"line":90,"column":46}},"type":"if","locations":[{"start":{"line":90,"column":4},"end":{"line":90,"column":46}}]},"4":{"loc":{"start":{"line":95,"column":4},"end":{"line":98,"column":5}},"type":"if","locations":[{"start":{"line":95,"column":4},"end":{"line":98,"column":5}}]},"5":{"loc":{"start":{"line":96,"column":22},"end":{"line":96,"column":82}},"type":"binary-expr","locations":[{"start":{"line":96,"column":22},"end":{"line":96,"column":40}},{"start":{"line":96,"column":44},"end":{"line":96,"column":82}}]},"6":{"loc":{"start":{"line":101,"column":4},"end":{"line":103,"column":5}},"type":"if","locations":[{"start":{"line":101,"column":4},"end":{"line":103,"column":5}}]},"7":{"loc":{"start":{"line":101,"column":8},"end":{"line":101,"column":71}},"type":"binary-expr","locations":[{"start":{"line":101,"column":8},"end":{"line":101,"column":37}},{"start":{"line":101,"column":41},"end":{"line":101,"column":71}}]},"8":{"loc":{"start":{"line":106,"column":4},"end":{"line":108,"column":5}},"type":"if","locations":[{"start":{"line":106,"column":4},"end":{"line":108,"column":5}}]},"9":{"loc":{"start":{"line":106,"column":8},"end":{"line":106,"column":71}},"type":"binary-expr","locations":[{"start":{"line":106,"column":8},"end":{"line":106,"column":37}},{"start":{"line":106,"column":41},"end":{"line":106,"column":71}}]},"10":{"loc":{"start":{"line":111,"column":4},"end":{"line":113,"column":5}},"type":"if","locations":[{"start":{"line":111,"column":4},"end":{"line":113,"column":5}}]},"11":{"loc":{"start":{"line":111,"column":8},"end":{"line":111,"column":51}},"type":"binary-expr","locations":[{"start":{"line":111,"column":8},"end":{"line":111,"column":21}},{"start":{"line":111,"column":25},"end":{"line":111,"column":51}}]},"12":{"loc":{"start":{"line":112,"column":18},"end":{"line":112,"column":80}},"type":"binary-expr","locations":[{"start":{"line":112,"column":18},"end":{"line":112,"column":36}},{"start":{"line":112,"column":40},"end":{"line":112,"column":80}}]},"13":{"loc":{"start":{"line":153,"column":4},"end":{"line":153,"column":46}},"type":"if","locations":[{"start":{"line":153,"column":4},"end":{"line":153,"column":46}}]},"14":{"loc":{"start":{"line":158,"column":4},"end":{"line":161,"column":5}},"type":"if","locations":[{"start":{"line":158,"column":4},"end":{"line":161,"column":5}}]},"15":{"loc":{"start":{"line":158,"column":8},"end":{"line":158,"column":49}},"type":"binary-expr","locations":[{"start":{"line":158,"column":8},"end":{"line":158,"column":33}},{"start":{"line":158,"column":37},"end":{"line":158,"column":49}}]},"16":{"loc":{"start":{"line":159,"column":22},"end":{"line":159,"column":82}},"type":"binary-expr","locations":[{"start":{"line":159,"column":22},"end":{"line":159,"column":40}},{"start":{"line":159,"column":44},"end":{"line":159,"column":82}}]},"17":{"loc":{"start":{"line":164,"column":4},"end":{"line":166,"column":5}},"type":"if","locations":[{"start":{"line":164,"column":4},"end":{"line":166,"column":5}}]},"18":{"loc":{"start":{"line":164,"column":8},"end":{"line":164,"column":52}},"type":"binary-expr","locations":[{"start":{"line":164,"column":8},"end":{"line":164,"column":31}},{"start":{"line":164,"column":35},"end":{"line":164,"column":52}}]},"19":{"loc":{"start":{"line":169,"column":4},"end":{"line":171,"column":5}},"type":"if","locations":[{"start":{"line":169,"column":4},"end":{"line":171,"column":5}}]},"20":{"loc":{"start":{"line":169,"column":8},"end":{"line":169,"column":52}},"type":"binary-expr","locations":[{"start":{"line":169,"column":8},"end":{"line":169,"column":31}},{"start":{"line":169,"column":35},"end":{"line":169,"column":52}}]},"21":{"loc":{"start":{"line":174,"column":4},"end":{"line":176,"column":5}},"type":"if","locations":[{"start":{"line":174,"column":4},"end":{"line":176,"column":5}}]},"22":{"loc":{"start":{"line":174,"column":8},"end":{"line":174,"column":49}},"type":"binary-expr","locations":[{"start":{"line":174,"column":8},"end":{"line":174,"column":21}},{"start":{"line":174,"column":25},"end":{"line":174,"column":49}}]},"23":{"loc":{"start":{"line":188,"column":4},"end":{"line":188,"column":46}},"type":"if","locations":[{"start":{"line":188,"column":4},"end":{"line":188,"column":46}}]},"24":{"loc":{"start":{"line":190,"column":4},"end":{"line":193,"column":5}},"type":"if","locations":[{"start":{"line":190,"column":4},"end":{"line":193,"column":5}}]},"25":{"loc":{"start":{"line":191,"column":22},"end":{"line":191,"column":83}},"type":"binary-expr","locations":[{"start":{"line":191,"column":22},"end":{"line":191,"column":40}},{"start":{"line":191,"column":44},"end":{"line":191,"column":83}}]},"26":{"loc":{"start":{"line":224,"column":4},"end":{"line":224,"column":46}},"type":"if","locations":[{"start":{"line":224,"column":4},"end":{"line":224,"column":46}}]},"27":{"loc":{"start":{"line":230,"column":4},"end":{"line":237,"column":5}},"type":"if","locations":[{"start":{"line":230,"column":4},"end":{"line":237,"column":5}},{"start":{"line":232,"column":11},"end":{"line":237,"column":5}}]},"28":{"loc":{"start":{"line":232,"column":11},"end":{"line":237,"column":5}},"type":"if","locations":[{"start":{"line":232,"column":11},"end":{"line":237,"column":5}},{"start":{"line":234,"column":11},"end":{"line":237,"column":5}}]},"29":{"loc":{"start":{"line":232,"column":15},"end":{"line":232,"column":69}},"type":"binary-expr","locations":[{"start":{"line":232,"column":15},"end":{"line":232,"column":40}},{"start":{"line":232,"column":44},"end":{"line":232,"column":69}}]},"30":{"loc":{"start":{"line":235,"column":22},"end":{"line":235,"column":80}},"type":"binary-expr","locations":[{"start":{"line":235,"column":22},"end":{"line":235,"column":40}},{"start":{"line":235,"column":44},"end":{"line":235,"column":80}}]},"31":{"loc":{"start":{"line":240,"column":4},"end":{"line":243,"column":5}},"type":"if","locations":[{"start":{"line":240,"column":4},"end":{"line":243,"column":5}}]},"32":{"loc":{"start":{"line":241,"column":22},"end":{"line":241,"column":58}},"type":"binary-expr","locations":[{"start":{"line":241,"column":22},"end":{"line":241,"column":40}},{"start":{"line":241,"column":44},"end":{"line":241,"column":58}}]},"33":{"loc":{"start":{"line":246,"column":4},"end":{"line":248,"column":5}},"type":"if","locations":[{"start":{"line":246,"column":4},"end":{"line":248,"column":5}}]},"34":{"loc":{"start":{"line":246,"column":8},"end":{"line":246,"column":50}},"type":"binary-expr","locations":[{"start":{"line":246,"column":8},"end":{"line":246,"column":21}},{"start":{"line":246,"column":25},"end":{"line":246,"column":50}}]},"35":{"loc":{"start":{"line":251,"column":4},"end":{"line":253,"column":5}},"type":"if","locations":[{"start":{"line":251,"column":4},"end":{"line":253,"column":5}}]},"36":{"loc":{"start":{"line":251,"column":8},"end":{"line":251,"column":50}},"type":"binary-expr","locations":[{"start":{"line":251,"column":8},"end":{"line":251,"column":21}},{"start":{"line":251,"column":25},"end":{"line":251,"column":50}}]},"37":{"loc":{"start":{"line":288,"column":4},"end":{"line":288,"column":46}},"type":"if","locations":[{"start":{"line":288,"column":4},"end":{"line":288,"column":46}}]},"38":{"loc":{"start":{"line":293,"column":4},"end":{"line":296,"column":5}},"type":"if","locations":[{"start":{"line":293,"column":4},"end":{"line":296,"column":5}}]},"39":{"loc":{"start":{"line":294,"column":22},"end":{"line":294,"column":81}},"type":"binary-expr","locations":[{"start":{"line":294,"column":22},"end":{"line":294,"column":40}},{"start":{"line":294,"column":44},"end":{"line":294,"column":81}}]},"40":{"loc":{"start":{"line":299,"column":4},"end":{"line":301,"column":5}},"type":"if","locations":[{"start":{"line":299,"column":4},"end":{"line":301,"column":5}}]},"41":{"loc":{"start":{"line":299,"column":8},"end":{"line":299,"column":69}},"type":"binary-expr","locations":[{"start":{"line":299,"column":8},"end":{"line":299,"column":36}},{"start":{"line":299,"column":40},"end":{"line":299,"column":69}}]},"42":{"loc":{"start":{"line":304,"column":4},"end":{"line":306,"column":5}},"type":"if","locations":[{"start":{"line":304,"column":4},"end":{"line":306,"column":5}}]},"43":{"loc":{"start":{"line":304,"column":8},"end":{"line":304,"column":69}},"type":"binary-expr","locations":[{"start":{"line":304,"column":8},"end":{"line":304,"column":36}},{"start":{"line":304,"column":40},"end":{"line":304,"column":69}}]},"44":{"loc":{"start":{"line":312,"column":6},"end":{"line":316,"column":7}},"type":"if","locations":[{"start":{"line":312,"column":6},"end":{"line":316,"column":7}},{"start":{"line":314,"column":13},"end":{"line":316,"column":7}}]},"45":{"loc":{"start":{"line":333,"column":4},"end":{"line":333,"column":46}},"type":"if","locations":[{"start":{"line":333,"column":4},"end":{"line":333,"column":46}}]},"46":{"loc":{"start":{"line":338,"column":4},"end":{"line":341,"column":5}},"type":"if","locations":[{"start":{"line":338,"column":4},"end":{"line":341,"column":5}}]},"47":{"loc":{"start":{"line":338,"column":8},"end":{"line":338,"column":75}},"type":"binary-expr","locations":[{"start":{"line":338,"column":8},"end":{"line":338,"column":33}},{"start":{"line":338,"column":37},"end":{"line":338,"column":51}},{"start":{"line":338,"column":55},"end":{"line":338,"column":75}}]},"48":{"loc":{"start":{"line":339,"column":22},"end":{"line":339,"column":82}},"type":"binary-expr","locations":[{"start":{"line":339,"column":22},"end":{"line":339,"column":40}},{"start":{"line":339,"column":44},"end":{"line":339,"column":82}}]},"49":{"loc":{"start":{"line":350,"column":6},"end":{"line":354,"column":7}},"type":"if","locations":[{"start":{"line":350,"column":6},"end":{"line":354,"column":7}},{"start":{"line":352,"column":13},"end":{"line":354,"column":7}}]}},"s":{"0":92,"1":16,"2":16,"3":8,"4":8,"5":153,"6":153,"7":17,"8":136,"9":1,"10":5,"11":5,"12":5,"13":5,"14":8,"15":8,"16":71,"17":71,"18":2,"19":69,"20":69,"21":6,"22":6,"23":63,"24":3,"25":63,"26":1,"27":63,"28":5,"29":63,"30":1,"31":4,"32":4,"33":4,"34":4,"35":3,"36":3,"37":26,"38":26,"39":6,"40":20,"41":20,"42":3,"43":3,"44":17,"45":1,"46":17,"47":3,"48":17,"49":2,"50":17,"51":1,"52":9,"53":9,"54":1,"55":8,"56":2,"57":2,"58":6,"59":1,"60":1,"61":1,"62":1,"63":1,"64":9,"65":9,"66":1,"67":8,"68":8,"69":5,"70":3,"71":3,"72":0,"73":0,"74":8,"75":1,"76":1,"77":7,"78":1,"79":7,"80":1,"81":7,"82":1,"83":10,"84":10,"85":2,"86":2,"87":2,"88":2,"89":15,"90":15,"91":1,"92":14,"93":14,"94":2,"95":2,"96":12,"97":1,"98":12,"99":1,"100":12,"101":12,"102":12,"103":24,"104":24,"105":2,"106":22,"107":12,"108":1,"109":13,"110":13,"111":23,"112":23,"113":6,"114":17,"115":17,"116":2,"117":2,"118":15,"119":15,"120":66,"121":66,"122":66,"123":11,"124":55,"125":15,"126":1,"127":42,"128":15,"129":5,"130":7,"131":13,"132":10,"133":1,"134":1,"135":1,"136":1,"137":1,"138":1},"f":{"0":92,"1":16,"2":8,"3":153,"4":153,"5":5,"6":5,"7":8,"8":71,"9":4,"10":4,"11":3,"12":26,"13":9,"14":1,"15":1,"16":9,"17":10,"18":2,"19":2,"20":15,"21":13,"22":23,"23":42,"24":15,"25":5,"26":7,"27":13,"28":10},"b":{"0":[0],"1":[17],"2":[153,24,8],"3":[2],"4":[6],"5":[6,5],"6":[3],"7":[63,9],"8":[1],"9":[63,9],"10":[5],"11":[63,14],"12":[5,2],"13":[6],"14":[3],"15":[20,18],"16":[3,3],"17":[1],"18":[17,10],"19":[3],"20":[17,10],"21":[2],"22":[17,4],"23":[1],"24":[2],"25":[2,2],"26":[1],"27":[5,3],"28":[3,0],"29":[3,1],"30":[0,0],"31":[1],"32":[1,1],"33":[1],"34":[7,2],"35":[1],"36":[7,2],"37":[1],"38":[2],"39":[2,2],"40":[1],"41":[12,2],"42":[1],"43":[12,2],"44":[2,22],"45":[6],"46":[2],"47":[17,16,16],"48":[2,2],"49":[11,55]}}
}
