TN:
SF:schema.ts
FN:13,(anonymous_0)
FN:20,(anonymous_1)
FN:28,(anonymous_2)
FN:41,(anonymous_3)
FN:48,(anonymous_4)
FN:67,(anonymous_5)
FN:75,(anonymous_6)
FN:83,(anonymous_7)
FN:88,(anonymous_8)
FN:130,(anonymous_9)
FN:138,(anonymous_10)
FN:146,(anonymous_11)
FN:151,(anonymous_12)
FN:186,(anonymous_13)
FN:209,(anonymous_14)
FN:217,(anonymous_15)
FN:222,(anonymous_16)
FN:266,(anonymous_17)
FN:273,(anonymous_18)
FN:281,(anonymous_19)
FN:286,(anonymous_20)
FN:327,(anonymous_21)
FN:331,(anonymous_22)
FN:368,(anonymous_23)
FN:375,(anonymous_24)
FN:382,(anonymous_25)
FN:389,(anonymous_26)
FN:396,(anonymous_27)
FN:403,(anonymous_28)
FNF:29
FNH:29
FNDA:92,(anonymous_0)
FNDA:16,(anonymous_1)
FNDA:8,(anonymous_2)
FNDA:153,(anonymous_3)
FNDA:153,(anonymous_4)
FNDA:5,(anonymous_5)
FNDA:5,(anonymous_6)
FNDA:8,(anonymous_7)
FNDA:71,(anonymous_8)
FNDA:4,(anonymous_9)
FNDA:4,(anonymous_10)
FNDA:3,(anonymous_11)
FNDA:26,(anonymous_12)
FNDA:9,(anonymous_13)
FNDA:1,(anonymous_14)
FNDA:1,(anonymous_15)
FNDA:9,(anonymous_16)
FNDA:10,(anonymous_17)
FNDA:2,(anonymous_18)
FNDA:2,(anonymous_19)
FNDA:15,(anonymous_20)
FNDA:13,(anonymous_21)
FNDA:23,(anonymous_22)
FNDA:42,(anonymous_23)
FNDA:15,(anonymous_24)
FNDA:5,(anonymous_25)
FNDA:7,(anonymous_26)
FNDA:13,(anonymous_27)
FNDA:10,(anonymous_28)
DA:13,1
DA:14,92
DA:21,16
DA:22,16
DA:29,8
DA:30,8
DA:42,153
DA:49,153
DA:50,17
DA:52,136
DA:59,1
DA:68,5
DA:69,5
DA:76,5
DA:77,5
DA:84,8
DA:85,8
DA:89,71
DA:90,71
DA:92,69
DA:95,69
DA:96,6
DA:97,6
DA:101,63
DA:102,3
DA:106,63
DA:107,1
DA:111,63
DA:112,5
DA:115,63
DA:122,1
DA:131,4
DA:132,4
DA:139,4
DA:140,4
DA:147,3
DA:148,3
DA:152,26
DA:153,26
DA:155,20
DA:158,20
DA:159,3
DA:160,3
DA:164,17
DA:165,1
DA:169,17
DA:170,3
DA:174,17
DA:175,2
DA:178,17
DA:185,1
DA:187,9
DA:188,9
DA:190,8
DA:191,2
DA:192,2
DA:195,6
DA:202,1
DA:210,1
DA:211,1
DA:218,1
DA:219,1
DA:223,9
DA:224,9
DA:226,8
DA:230,8
DA:231,5
DA:232,3
DA:233,3
DA:235,0
DA:236,0
DA:240,8
DA:241,1
DA:242,1
DA:246,7
DA:247,1
DA:251,7
DA:252,1
DA:255,7
DA:262,1
DA:266,10
DA:267,10
DA:274,2
DA:275,2
DA:282,2
DA:283,2
DA:287,15
DA:288,15
DA:290,14
DA:293,14
DA:294,2
DA:295,2
DA:299,12
DA:300,1
DA:304,12
DA:305,1
DA:309,12
DA:310,12
DA:311,24
DA:312,24
DA:313,2
DA:315,22
DA:319,12
DA:326,1
DA:327,13
DA:328,13
DA:332,23
DA:333,23
DA:335,17
DA:338,17
DA:339,2
DA:340,2
DA:343,15
DA:346,15
DA:347,66
DA:348,66
DA:350,66
DA:351,11
DA:353,55
DA:357,15
DA:364,1
DA:369,42
DA:376,15
DA:383,5
DA:390,7
DA:397,13
DA:404,10
DA:409,1
DA:416,1
DA:428,1
DA:442,1
DA:443,1
LF:132
LH:130
BRDA:41,0,0,0
BRDA:49,1,0,17
BRDA:49,2,0,153
BRDA:49,2,1,24
BRDA:49,2,2,8
BRDA:90,3,0,2
BRDA:95,4,0,6
BRDA:96,5,0,6
BRDA:96,5,1,5
BRDA:101,6,0,3
BRDA:101,7,0,63
BRDA:101,7,1,9
BRDA:106,8,0,1
BRDA:106,9,0,63
BRDA:106,9,1,9
BRDA:111,10,0,5
BRDA:111,11,0,63
BRDA:111,11,1,14
BRDA:112,12,0,5
BRDA:112,12,1,2
BRDA:153,13,0,6
BRDA:158,14,0,3
BRDA:158,15,0,20
BRDA:158,15,1,18
BRDA:159,16,0,3
BRDA:159,16,1,3
BRDA:164,17,0,1
BRDA:164,18,0,17
BRDA:164,18,1,10
BRDA:169,19,0,3
BRDA:169,20,0,17
BRDA:169,20,1,10
BRDA:174,21,0,2
BRDA:174,22,0,17
BRDA:174,22,1,4
BRDA:188,23,0,1
BRDA:190,24,0,2
BRDA:191,25,0,2
BRDA:191,25,1,2
BRDA:224,26,0,1
BRDA:230,27,0,5
BRDA:230,27,1,3
BRDA:232,28,0,3
BRDA:232,28,1,0
BRDA:232,29,0,3
BRDA:232,29,1,1
BRDA:235,30,0,0
BRDA:235,30,1,0
BRDA:240,31,0,1
BRDA:241,32,0,1
BRDA:241,32,1,1
BRDA:246,33,0,1
BRDA:246,34,0,7
BRDA:246,34,1,2
BRDA:251,35,0,1
BRDA:251,36,0,7
BRDA:251,36,1,2
BRDA:288,37,0,1
BRDA:293,38,0,2
BRDA:294,39,0,2
BRDA:294,39,1,2
BRDA:299,40,0,1
BRDA:299,41,0,12
BRDA:299,41,1,2
BRDA:304,42,0,1
BRDA:304,43,0,12
BRDA:304,43,1,2
BRDA:312,44,0,2
BRDA:312,44,1,22
BRDA:333,45,0,6
BRDA:338,46,0,2
BRDA:338,47,0,17
BRDA:338,47,1,16
BRDA:338,47,2,16
BRDA:339,48,0,2
BRDA:339,48,1,2
BRDA:350,49,0,11
BRDA:350,49,1,55
BRF:78
BRH:74
end_of_record
