<?xml version="1.0" encoding="UTF-8"?>
<coverage generated="1749633516474" clover="3.2.0">
  <project timestamp="1749633516474" name="All files">
    <metrics statements="379" coveredstatements="280" conditionals="202" coveredconditionals="159" methods="75" coveredmethods="57" elements="656" coveredelements="496" complexity="0" loc="379" ncloc="379" packages="1" files="5" classes="5"/>
    <file name="Board.js" path="/home/fojia/Projects/Vention/edu-ai-challenge-2025/7/src/Board.js">
      <metrics statements="82" coveredstatements="82" conditionals="57" coveredconditionals="54" methods="15" coveredmethods="15"/>
      <line num="8" count="113" type="stmt"/>
      <line num="9" count="113" type="stmt"/>
      <line num="10" count="113" type="stmt"/>
      <line num="11" count="113" type="stmt"/>
      <line num="12" count="113" type="stmt"/>
      <line num="13" count="113" type="stmt"/>
      <line num="22" count="152" type="stmt"/>
      <line num="23" count="972" type="stmt"/>
      <line num="31" count="39" type="stmt"/>
      <line num="32" count="39" type="stmt"/>
      <line num="33" count="39" type="stmt"/>
      <line num="34" count="39" type="stmt"/>
      <line num="35" count="39" type="stmt"/>
      <line num="45" count="654" type="cond" truecount="4" falsecount="0"/>
      <line num="57" count="329" type="stmt"/>
      <line num="58" count="489" type="cond" truecount="2" falsecount="0"/>
      <line num="59" count="489" type="cond" truecount="2" falsecount="0"/>
      <line num="61" count="489" type="cond" truecount="4" falsecount="0"/>
      <line num="62" count="215" type="stmt"/>
      <line num="65" count="114" type="stmt"/>
      <line num="78" count="321" type="cond" truecount="2" falsecount="0"/>
      <line num="79" count="211" type="stmt"/>
      <line num="82" count="110" type="stmt"/>
      <line num="83" count="110" type="stmt"/>
      <line num="85" count="110" type="cond" truecount="2" falsecount="0"/>
      <line num="86" count="52" type="stmt"/>
      <line num="87" count="120" type="cond" truecount="2" falsecount="0"/>
      <line num="88" count="120" type="cond" truecount="2" falsecount="0"/>
      <line num="89" count="120" type="stmt"/>
      <line num="93" count="110" type="stmt"/>
      <line num="104" count="41" type="stmt"/>
      <line num="106" count="41" type="stmt"/>
      <line num="107" count="83" type="stmt"/>
      <line num="108" count="83" type="stmt"/>
      <line num="109" count="83" type="stmt"/>
      <line num="111" count="83" type="cond" truecount="2" falsecount="0"/>
      <line num="112" count="291" type="stmt"/>
      <line num="113" count="291" type="cond" truecount="2" falsecount="0"/>
      <line num="115" count="291" type="cond" truecount="2" falsecount="0"/>
      <line num="116" count="291" type="cond" truecount="2" falsecount="0"/>
      <line num="118" count="291" type="stmt"/>
      <line num="119" count="291" type="stmt"/>
      <line num="121" count="291" type="cond" truecount="2" falsecount="0"/>
      <line num="122" count="81" type="stmt"/>
      <line num="123" count="81" type="stmt"/>
      <line num="125" count="291" type="stmt"/>
      <line num="128" count="83" type="cond" truecount="2" falsecount="0"/>
      <line num="129" count="2" type="stmt"/>
      <line num="133" count="39" type="stmt"/>
      <line num="143" count="48" type="stmt"/>
      <line num="145" count="48" type="cond" truecount="2" falsecount="0"/>
      <line num="146" count="1" type="stmt"/>
      <line num="149" count="47" type="cond" truecount="2" falsecount="0"/>
      <line num="150" count="3" type="stmt"/>
      <line num="153" count="44" type="stmt"/>
      <line num="154" count="44" type="stmt"/>
      <line num="155" count="44" type="stmt"/>
      <line num="158" count="44" type="stmt"/>
      <line num="159" count="62" type="cond" truecount="2" falsecount="0"/>
      <line num="160" count="29" type="stmt"/>
      <line num="161" count="29" type="stmt"/>
      <line num="162" count="29" type="stmt"/>
      <line num="163" count="29" type="stmt"/>
      <line num="164" count="29" type="stmt"/>
      <line num="165" count="29" type="stmt"/>
      <line num="169" count="44" type="cond" truecount="2" falsecount="0"/>
      <line num="170" count="15" type="stmt"/>
      <line num="171" count="15" type="stmt"/>
      <line num="174" count="44" type="stmt"/>
      <line num="191" count="109" type="cond" truecount="2" falsecount="0"/>
      <line num="192" count="2" type="stmt"/>
      <line num="195" count="107" type="stmt"/>
      <line num="197" count="107" type="cond" truecount="2" falsecount="0"/>
      <line num="198" count="10" type="stmt"/>
      <line num="201" count="97" type="cond" truecount="2" falsecount="0"/>
      <line num="202" count="2" type="stmt"/>
      <line num="205" count="95" type="cond" truecount="4" falsecount="0"/>
      <line num="206" count="5" type="stmt"/>
      <line num="209" count="90" type="stmt"/>
      <line num="217" count="18" type="stmt"/>
      <line num="225" count="30" type="stmt"/>
      <line num="233" count="4" type="stmt"/>
    </file>
    <file name="CPUPlayer.js" path="/home/fojia/Projects/Vention/edu-ai-challenge-2025/7/src/CPUPlayer.js">
      <metrics statements="100" coveredstatements="95" conditionals="66" coveredconditionals="56" methods="16" coveredmethods="16"/>
      <line num="7" count="59" type="stmt"/>
      <line num="8" count="59" type="stmt"/>
      <line num="9" count="59" type="stmt"/>
      <line num="10" count="59" type="stmt"/>
      <line num="11" count="59" type="stmt"/>
      <line num="12" count="59" type="stmt"/>
      <line num="19" count="20" type="stmt"/>
      <line num="20" count="20" type="stmt"/>
      <line num="21" count="20" type="stmt"/>
      <line num="22" count="20" type="stmt"/>
      <line num="23" count="20" type="stmt"/>
      <line num="33" count="20" type="cond" truecount="4" falsecount="0"/>
      <line num="34" count="1" type="stmt"/>
      <line num="36" count="19" type="stmt"/>
      <line num="37" count="18" type="stmt"/>
      <line num="40" count="19" type="stmt"/>
      <line num="41" count="19" type="stmt"/>
      <line num="43" count="19" type="stmt"/>
      <line num="51" count="18" type="cond" truecount="2" falsecount="0"/>
      <line num="52" count="1" type="stmt"/>
      <line num="55" count="17" type="stmt"/>
      <line num="57" count="17" type="cond" truecount="2" falsecount="0"/>
      <line num="58" count="8" type="stmt"/>
      <line num="59" count="8" type="stmt"/>
      <line num="61" count="8" type="cond" truecount="2" falsecount="0"/>
      <line num="63" count="1" type="stmt"/>
      <line num="64" count="1" type="stmt"/>
      <line num="65" count="1" type="stmt"/>
      <line num="68" count="7" type="stmt"/>
      <line num="69" count="7" type="stmt"/>
      <line num="73" count="9" type="cond" truecount="2" falsecount="0"/>
      <line num="74" count="4" type="stmt"/>
      <line num="77" count="4" type="cond" truecount="4" falsecount="0"/>
      <line num="78" count="2" type="stmt"/>
      <line num="82" count="4" type="cond" truecount="2" falsecount="0"/>
      <line num="83" count="1" type="stmt"/>
      <line num="84" count="1" type="stmt"/>
      <line num="97" count="1" type="stmt"/>
      <line num="98" count="1" type="stmt"/>
      <line num="99" count="1" type="stmt"/>
      <line num="101" count="1" type="cond" truecount="3" falsecount="1"/>
      <line num="102" count="1" type="stmt"/>
      <line num="107" count="0" type="stmt"/>
      <line num="117" count="19" type="stmt"/>
      <line num="119" count="19" type="cond" truecount="2" falsecount="0"/>
      <line num="120" count="18" type="stmt"/>
      <line num="121" count="18" type="stmt"/>
      <line num="125" count="1" type="stmt"/>
      <line num="134" count="19" type="stmt"/>
      <line num="136" count="19" type="stmt"/>
      <line num="137" count="190" type="stmt"/>
      <line num="138" count="1900" type="stmt"/>
      <line num="141" count="1900" type="cond" truecount="4" falsecount="0"/>
      <line num="142" count="800" type="stmt"/>
      <line num="147" count="19" type="stmt"/>
      <line num="156" count="1" type="stmt"/>
      <line num="158" count="1" type="stmt"/>
      <line num="159" count="10" type="stmt"/>
      <line num="160" count="100" type="stmt"/>
      <line num="161" count="100" type="cond" truecount="1" falsecount="1"/>
      <line num="162" count="0" type="stmt"/>
      <line num="167" count="1" type="cond" truecount="1" falsecount="1"/>
      <line num="168" count="1" type="stmt"/>
      <line num="171" count="0" type="stmt"/>
      <line num="172" count="0" type="stmt"/>
      <line num="182" count="7" type="stmt"/>
      <line num="189" count="7" type="stmt"/>
      <line num="190" count="28" type="stmt"/>
      <line num="192" count="28" type="cond" truecount="5" falsecount="0"/>
      <line num="194" count="27" type="cond" truecount="2" falsecount="0"/>
      <line num="195" count="22" type="stmt"/>
      <line num="200" count="15" type="cond" truecount="2" falsecount="2"/>
      <line num="208" count="2" type="cond" truecount="1" falsecount="1"/>
      <line num="209" count="0" type="stmt"/>
      <line num="213" count="2" type="stmt"/>
      <line num="214" count="2" type="cond" truecount="2" falsecount="0"/>
      <line num="215" count="1" type="stmt"/>
      <line num="218" count="4" type="stmt"/>
      <line num="219" count="4" type="stmt"/>
      <line num="221" count="2" type="cond" truecount="2" falsecount="0"/>
      <line num="223" count="2" type="stmt"/>
      <line num="224" count="2" type="stmt"/>
      <line num="225" count="1" type="stmt"/>
      <line num="227" count="1" type="stmt"/>
      <line num="228" count="1" type="stmt"/>
      <line num="229" count="1" type="cond" truecount="1" falsecount="1"/>
      <line num="231" count="2" type="stmt"/>
      <line num="232" count="2" type="stmt"/>
      <line num="233" count="1" type="stmt"/>
      <line num="235" count="1" type="stmt"/>
      <line num="236" count="1" type="stmt"/>
      <line num="248" count="4" type="stmt"/>
      <line num="250" count="4" type="cond" truecount="4" falsecount="1"/>
      <line num="252" count="2" type="cond" truecount="2" falsecount="0"/>
      <line num="253" count="4" type="stmt"/>
      <line num="264" count="4" type="stmt"/>
      <line num="265" count="5" type="cond" truecount="2" falsecount="0"/>
      <line num="277" count="33" type="cond" truecount="4" falsecount="0"/>
      <line num="287" count="17" type="stmt"/>
      <line num="298" count="9" type="stmt"/>
    </file>
    <file name="Display.js" path="/home/fojia/Projects/Vention/edu-ai-challenge-2025/7/src/Display.js">
      <metrics statements="67" coveredstatements="22" conditionals="17" coveredconditionals="2" methods="17" coveredmethods="6"/>
      <line num="11" count="2" type="stmt"/>
      <line num="14" count="10" type="stmt"/>
      <line num="15" count="2" type="stmt"/>
      <line num="18" count="2" type="stmt"/>
      <line num="19" count="10" type="stmt"/>
      <line num="22" count="10" type="stmt"/>
      <line num="23" count="50" type="stmt"/>
      <line num="26" count="10" type="stmt"/>
      <line num="29" count="10" type="stmt"/>
      <line num="30" count="50" type="stmt"/>
      <line num="33" count="10" type="stmt"/>
      <line num="35" count="2" type="stmt"/>
      <line num="45" count="0" type="stmt"/>
      <line num="48" count="0" type="stmt"/>
      <line num="49" count="0" type="stmt"/>
      <line num="52" count="0" type="stmt"/>
      <line num="53" count="0" type="stmt"/>
      <line num="54" count="0" type="stmt"/>
      <line num="55" count="0" type="stmt"/>
      <line num="57" count="0" type="stmt"/>
      <line num="59" count="0" type="stmt"/>
      <line num="68" count="0" type="stmt"/>
      <line num="69" count="0" type="stmt"/>
      <line num="71" count="0" type="stmt"/>
      <line num="72" count="0" type="stmt"/>
      <line num="73" count="0" type="stmt"/>
      <line num="74" count="0" type="stmt"/>
      <line num="75" count="0" type="stmt"/>
      <line num="76" count="0" type="stmt"/>
      <line num="83" count="0" type="stmt"/>
      <line num="84" count="0" type="stmt"/>
      <line num="85" count="0" type="stmt"/>
      <line num="86" count="0" type="stmt"/>
      <line num="87" count="0" type="stmt"/>
      <line num="88" count="0" type="stmt"/>
      <line num="89" count="0" type="stmt"/>
      <line num="90" count="0" type="stmt"/>
      <line num="91" count="0" type="stmt"/>
      <line num="92" count="0" type="stmt"/>
      <line num="93" count="0" type="stmt"/>
      <line num="101" count="2" type="stmt"/>
      <line num="102" count="2" type="cond" truecount="2" falsecount="0"/>
      <line num="103" count="1" type="stmt"/>
      <line num="104" count="1" type="stmt"/>
      <line num="106" count="1" type="stmt"/>
      <line num="107" count="1" type="stmt"/>
      <line num="109" count="2" type="stmt"/>
      <line num="118" count="36" type="stmt"/>
      <line num="128" count="0" type="stmt"/>
      <line num="130" count="0" type="cond" truecount="0" falsecount="2"/>
      <line num="131" count="0" type="stmt"/>
      <line num="132" count="0" type="stmt"/>
      <line num="135" count="0" type="cond" truecount="0" falsecount="2"/>
      <line num="136" count="0" type="cond" truecount="0" falsecount="2"/>
      <line num="137" count="0" type="stmt"/>
      <line num="139" count="0" type="stmt"/>
      <line num="142" count="0" type="stmt"/>
      <line num="151" count="0" type="stmt"/>
      <line num="159" count="0" type="stmt"/>
      <line num="167" count="0" type="stmt"/>
      <line num="175" count="19" type="stmt"/>
      <line num="183" count="18" type="stmt"/>
      <line num="190" count="0" type="cond" truecount="0" falsecount="2"/>
      <line num="191" count="0" type="stmt"/>
      <line num="201" count="0" type="stmt"/>
      <line num="210" count="0" type="cond" truecount="0" falsecount="2"/>
      <line num="211" count="0" type="stmt"/>
    </file>
    <file name="GameEngine.js" path="/home/fojia/Projects/Vention/edu-ai-challenge-2025/7/src/GameEngine.js">
      <metrics statements="104" coveredstatements="55" conditionals="53" coveredconditionals="38" methods="19" coveredmethods="12"/>
      <line num="11" count="35" type="stmt"/>
      <line num="19" count="35" type="stmt"/>
      <line num="20" count="35" type="stmt"/>
      <line num="21" count="35" type="stmt"/>
      <line num="23" count="35" type="stmt"/>
      <line num="24" count="35" type="stmt"/>
      <line num="27" count="35" type="stmt"/>
      <line num="37" count="0" type="stmt"/>
      <line num="38" count="0" type="stmt"/>
      <line num="39" count="0" type="stmt"/>
      <line num="40" count="0" type="stmt"/>
      <line num="42" count="0" type="stmt"/>
      <line num="43" count="0" type="cond" truecount="0" falsecount="2"/>
      <line num="44" count="0" type="stmt"/>
      <line num="47" count="0" type="stmt"/>
      <line num="55" count="19" type="stmt"/>
      <line num="58" count="19" type="stmt"/>
      <line num="59" count="19" type="stmt"/>
      <line num="60" count="19" type="stmt"/>
      <line num="61" count="19" type="stmt"/>
      <line num="62" count="19" type="stmt"/>
      <line num="65" count="19" type="stmt"/>
      <line num="66" count="19" type="stmt"/>
      <line num="71" count="18" type="stmt"/>
      <line num="73" count="18" type="stmt"/>
      <line num="78" count="18" type="stmt"/>
      <line num="80" count="18" type="stmt"/>
      <line num="83" count="1" type="stmt"/>
      <line num="91" count="0" type="stmt"/>
      <line num="92" count="0" type="stmt"/>
      <line num="93" count="0" type="stmt"/>
      <line num="95" count="0" type="cond" truecount="0" falsecount="2"/>
      <line num="96" count="0" type="stmt"/>
      <line num="98" count="0" type="stmt"/>
      <line num="101" count="0" type="stmt"/>
      <line num="103" count="0" type="cond" truecount="0" falsecount="2"/>
      <line num="104" count="0" type="stmt"/>
      <line num="108" count="0" type="stmt"/>
      <line num="109" count="0" type="cond" truecount="0" falsecount="2"/>
      <line num="110" count="0" type="stmt"/>
      <line num="120" count="0" type="stmt"/>
      <line num="122" count="0" type="stmt"/>
      <line num="123" count="0" type="cond" truecount="0" falsecount="2"/>
      <line num="124" count="0" type="stmt"/>
      <line num="125" count="0" type="stmt"/>
      <line num="126" count="0" type="stmt"/>
      <line num="128" count="0" type="cond" truecount="0" falsecount="2"/>
      <line num="129" count="0" type="stmt"/>
      <line num="130" count="0" type="stmt"/>
      <line num="133" count="0" type="stmt"/>
      <line num="134" count="0" type="stmt"/>
      <line num="136" count="0" type="cond" truecount="0" falsecount="2"/>
      <line num="137" count="0" type="stmt"/>
      <line num="138" count="0" type="stmt"/>
      <line num="140" count="0" type="stmt"/>
      <line num="144" count="0" type="stmt"/>
      <line num="153" count="0" type="stmt"/>
      <line num="156" count="0" type="stmt"/>
      <line num="158" count="0" type="stmt"/>
      <line num="159" count="0" type="stmt"/>
      <line num="160" count="0" type="stmt"/>
      <line num="162" count="0" type="stmt"/>
      <line num="163" count="0" type="stmt"/>
      <line num="165" count="0" type="stmt"/>
      <line num="172" count="0" type="stmt"/>
      <line num="182" count="17" type="cond" truecount="4" falsecount="0"/>
      <line num="183" count="3" type="stmt"/>
      <line num="186" count="14" type="stmt"/>
      <line num="189" count="14" type="cond" truecount="2" falsecount="0"/>
      <line num="190" count="2" type="stmt"/>
      <line num="193" count="12" type="stmt"/>
      <line num="194" count="12" type="stmt"/>
      <line num="197" count="12" type="cond" truecount="4" falsecount="0"/>
      <line num="198" count="2" type="stmt"/>
      <line num="202" count="10" type="cond" truecount="6" falsecount="0"/>
      <line num="204" count="3" type="stmt"/>
      <line num="207" count="7" type="stmt"/>
      <line num="216" count="0" type="stmt"/>
      <line num="217" count="0" type="stmt"/>
      <line num="218" count="0" type="stmt"/>
      <line num="227" count="2" type="cond" truecount="2" falsecount="0"/>
      <line num="234" count="4" type="stmt"/>
      <line num="235" count="4" type="stmt"/>
      <line num="237" count="4" type="cond" truecount="4" falsecount="0"/>
      <line num="238" count="2" type="stmt"/>
      <line num="239" count="2" type="stmt"/>
      <line num="240" count="2" type="stmt"/>
      <line num="242" count="2" type="cond" truecount="1" falsecount="1"/>
      <line num="243" count="0" type="stmt"/>
      <line num="254" count="1" type="stmt"/>
      <line num="261" count="35" type="cond" truecount="2" falsecount="0"/>
      <line num="262" count="34" type="stmt"/>
      <line num="270" count="1" type="stmt"/>
      <line num="278" count="6" type="stmt"/>
      <line num="297" count="18" type="cond" truecount="2" falsecount="0"/>
      <line num="298" count="11" type="stmt"/>
      <line num="299" count="7" type="cond" truecount="2" falsecount="0"/>
      <line num="301" count="6" type="stmt"/>
      <line num="302" count="6" type="stmt"/>
      <line num="304" count="6" type="stmt"/>
      <line num="305" count="6" type="stmt"/>
      <line num="306" count="6" type="stmt"/>
      <line num="308" count="1" type="stmt"/>
      <line num="317" count="2" type="stmt"/>
    </file>
    <file name="Ship.js" path="/home/fojia/Projects/Vention/edu-ai-challenge-2025/7/src/Ship.js">
      <metrics statements="26" coveredstatements="26" conditionals="9" coveredconditionals="9" methods="8" coveredmethods="8"/>
      <line num="6" count="347" type="stmt"/>
      <line num="7" count="347" type="stmt"/>
      <line num="8" count="347" type="stmt"/>
      <line num="9" count="347" type="stmt"/>
      <line num="10" count="347" type="stmt"/>
      <line num="20" count="130" type="stmt"/>
      <line num="21" count="130" type="stmt"/>
      <line num="22" count="130" type="stmt"/>
      <line num="24" count="130" type="stmt"/>
      <line num="25" count="308" type="cond" truecount="2" falsecount="0"/>
      <line num="26" count="308" type="cond" truecount="2" falsecount="0"/>
      <line num="27" count="308" type="stmt"/>
      <line num="37" count="45" type="cond" truecount="2" falsecount="0"/>
      <line num="38" count="1" type="stmt"/>
      <line num="41" count="44" type="cond" truecount="2" falsecount="0"/>
      <line num="42" count="1" type="stmt"/>
      <line num="45" count="43" type="stmt"/>
      <line num="46" count="43" type="stmt"/>
      <line num="54" count="83" type="stmt"/>
      <line num="63" count="68" type="stmt"/>
      <line num="71" count="6" type="stmt"/>
      <line num="79" count="2" type="stmt"/>
      <line num="86" count="2" type="stmt"/>
      <line num="87" count="2" type="stmt"/>
      <line num="88" count="2" type="stmt"/>
      <line num="89" count="2" type="stmt"/>
    </file>
  </project>
</coverage>
