{"/home/fojia/Projects/Vention/edu-ai-challenge-2025/7/src/Board.js": {"path":"/home/fojia/Projects/Vention/edu-ai-challenge-2025/7/src/Board.js","statementMap":{"0":{"start":{"line":8,"column":4},"end":{"line":8,"column":21}},"1":{"start":{"line":9,"column":4},"end":{"line":9,"column":35}},"2":{"start":{"line":10,"column":4},"end":{"line":10,"column":20}},"3":{"start":{"line":11,"column":4},"end":{"line":11,"column":29}},"4":{"start":{"line":12,"column":4},"end":{"line":12,"column":26}},"5":{"start":{"line":13,"column":4},"end":{"line":13,"column":28}},"6":{"start":{"line":22,"column":4},"end":{"line":24,"column":6}},"7":{"start":{"line":23,"column":6},"end":{"line":23,"column":32}},"8":{"start":{"line":31,"column":4},"end":{"line":31,"column":35}},"9":{"start":{"line":32,"column":4},"end":{"line":32,"column":20}},"10":{"start":{"line":33,"column":4},"end":{"line":33,"column":25}},"11":{"start":{"line":34,"column":4},"end":{"line":34,"column":22}},"12":{"start":{"line":35,"column":4},"end":{"line":35,"column":24}},"13":{"start":{"line":45,"column":4},"end":{"line":45,"column":70}},"14":{"start":{"line":57,"column":4},"end":{"line":64,"column":5}},"15":{"start":{"line":57,"column":17},"end":{"line":57,"column":18}},"16":{"start":{"line":58,"column":18},"end":{"line":58,"column":72}},"17":{"start":{"line":59,"column":18},"end":{"line":59,"column":72}},"18":{"start":{"line":61,"column":6},"end":{"line":63,"column":7}},"19":{"start":{"line":62,"column":8},"end":{"line":62,"column":21}},"20":{"start":{"line":65,"column":4},"end":{"line":65,"column":16}},"21":{"start":{"line":78,"column":4},"end":{"line":80,"column":5}},"22":{"start":{"line":79,"column":6},"end":{"line":79,"column":19}},"23":{"start":{"line":82,"column":4},"end":{"line":82,"column":48}},"24":{"start":{"line":83,"column":4},"end":{"line":83,"column":26}},"25":{"start":{"line":85,"column":4},"end":{"line":91,"column":5}},"26":{"start":{"line":86,"column":6},"end":{"line":90,"column":7}},"27":{"start":{"line":86,"column":19},"end":{"line":86,"column":20}},"28":{"start":{"line":87,"column":20},"end":{"line":87,"column":74}},"29":{"start":{"line":88,"column":20},"end":{"line":88,"column":74}},"30":{"start":{"line":89,"column":8},"end":{"line":89,"column":34}},"31":{"start":{"line":93,"column":4},"end":{"line":93,"column":16}},"32":{"start":{"line":104,"column":24},"end":{"line":104,"column":26}},"33":{"start":{"line":106,"column":4},"end":{"line":131,"column":5}},"34":{"start":{"line":106,"column":17},"end":{"line":106,"column":18}},"35":{"start":{"line":107,"column":19},"end":{"line":107,"column":24}},"36":{"start":{"line":108,"column":21},"end":{"line":108,"column":22}},"37":{"start":{"line":109,"column":26},"end":{"line":109,"column":29}},"38":{"start":{"line":111,"column":6},"end":{"line":126,"column":7}},"39":{"start":{"line":112,"column":21},"end":{"line":112,"column":41}},"40":{"start":{"line":113,"column":28},"end":{"line":113,"column":75}},"41":{"start":{"line":115,"column":23},"end":{"line":115,"column":88}},"42":{"start":{"line":116,"column":23},"end":{"line":116,"column":88}},"43":{"start":{"line":118,"column":25},"end":{"line":118,"column":59}},"44":{"start":{"line":119,"column":25},"end":{"line":119,"column":59}},"45":{"start":{"line":121,"column":8},"end":{"line":124,"column":9}},"46":{"start":{"line":122,"column":10},"end":{"line":122,"column":33}},"47":{"start":{"line":123,"column":10},"end":{"line":123,"column":24}},"48":{"start":{"line":125,"column":8},"end":{"line":125,"column":19}},"49":{"start":{"line":128,"column":6},"end":{"line":130,"column":7}},"50":{"start":{"line":129,"column":8},"end":{"line":129,"column":87}},"51":{"start":{"line":133,"column":4},"end":{"line":133,"column":23}},"52":{"start":{"line":143,"column":21},"end":{"line":143,"column":35}},"53":{"start":{"line":145,"column":4},"end":{"line":147,"column":5}},"54":{"start":{"line":146,"column":6},"end":{"line":146,"column":61}},"55":{"start":{"line":149,"column":4},"end":{"line":151,"column":5}},"56":{"start":{"line":150,"column":6},"end":{"line":150,"column":71}},"57":{"start":{"line":153,"column":4},"end":{"line":153,"column":31}},"58":{"start":{"line":154,"column":18},"end":{"line":154,"column":22}},"59":{"start":{"line":155,"column":14},"end":{"line":155,"column":19}},"60":{"start":{"line":158,"column":4},"end":{"line":167,"column":5}},"61":{"start":{"line":159,"column":6},"end":{"line":166,"column":7}},"62":{"start":{"line":160,"column":8},"end":{"line":160,"column":27}},"63":{"start":{"line":161,"column":8},"end":{"line":161,"column":19}},"64":{"start":{"line":162,"column":8},"end":{"line":162,"column":23}},"65":{"start":{"line":163,"column":8},"end":{"line":163,"column":32}},"66":{"start":{"line":164,"column":8},"end":{"line":164,"column":34}},"67":{"start":{"line":165,"column":8},"end":{"line":165,"column":14}},"68":{"start":{"line":169,"column":4},"end":{"line":172,"column":5}},"69":{"start":{"line":170,"column":6},"end":{"line":170,"column":32}},"70":{"start":{"line":171,"column":6},"end":{"line":171,"column":32}},"71":{"start":{"line":174,"column":4},"end":{"line":180,"column":6}},"72":{"start":{"line":191,"column":4},"end":{"line":193,"column":5}},"73":{"start":{"line":192,"column":6},"end":{"line":192,"column":17}},"74":{"start":{"line":195,"column":21},"end":{"line":195,"column":35}},"75":{"start":{"line":197,"column":4},"end":{"line":199,"column":5}},"76":{"start":{"line":198,"column":6},"end":{"line":198,"column":17}},"77":{"start":{"line":201,"column":4},"end":{"line":203,"column":5}},"78":{"start":{"line":202,"column":6},"end":{"line":202,"column":17}},"79":{"start":{"line":205,"column":4},"end":{"line":207,"column":5}},"80":{"start":{"line":206,"column":6},"end":{"line":206,"column":17}},"81":{"start":{"line":209,"column":4},"end":{"line":209,"column":15}},"82":{"start":{"line":217,"column":4},"end":{"line":217,"column":51}},"83":{"start":{"line":217,"column":36},"end":{"line":217,"column":49}},"84":{"start":{"line":225,"column":4},"end":{"line":225,"column":60}},"85":{"start":{"line":225,"column":37},"end":{"line":225,"column":51}},"86":{"start":{"line":233,"column":4},"end":{"line":233,"column":59}},"87":{"start":{"line":233,"column":38},"end":{"line":233,"column":57}}},"fnMap":{"0":{"name":"(anonymous_0)","decl":{"start":{"line":7,"column":2},"end":{"line":7,"column":3}},"loc":{"start":{"line":7,"column":25},"end":{"line":14,"column":3}},"line":7},"1":{"name":"(anonymous_1)","decl":{"start":{"line":22,"column":43},"end":{"line":22,"column":44}},"loc":{"start":{"line":23,"column":6},"end":{"line":23,"column":32}},"line":23},"2":{"name":"(anonymous_2)","decl":{"start":{"line":30,"column":2},"end":{"line":30,"column":3}},"loc":{"start":{"line":30,"column":10},"end":{"line":36,"column":3}},"line":30},"3":{"name":"(anonymous_3)","decl":{"start":{"line":44,"column":2},"end":{"line":44,"column":3}},"loc":{"start":{"line":44,"column":28},"end":{"line":46,"column":3}},"line":44},"4":{"name":"(anonymous_4)","decl":{"start":{"line":56,"column":2},"end":{"line":56,"column":3}},"loc":{"start":{"line":56,"column":56},"end":{"line":66,"column":3}},"line":56},"5":{"name":"(anonymous_5)","decl":{"start":{"line":77,"column":2},"end":{"line":77,"column":3}},"loc":{"start":{"line":77,"column":71},"end":{"line":94,"column":3}},"line":77},"6":{"name":"(anonymous_6)","decl":{"start":{"line":103,"column":2},"end":{"line":103,"column":3}},"loc":{"start":{"line":103,"column":67},"end":{"line":134,"column":3}},"line":103},"7":{"name":"(anonymous_7)","decl":{"start":{"line":142,"column":2},"end":{"line":142,"column":3}},"loc":{"start":{"line":142,"column":25},"end":{"line":181,"column":3}},"line":142},"8":{"name":"(anonymous_8)","decl":{"start":{"line":190,"column":2},"end":{"line":190,"column":3}},"loc":{"start":{"line":190,"column":46},"end":{"line":210,"column":3}},"line":190},"9":{"name":"(anonymous_9)","decl":{"start":{"line":216,"column":2},"end":{"line":216,"column":3}},"loc":{"start":{"line":216,"column":20},"end":{"line":218,"column":3}},"line":216},"10":{"name":"(anonymous_10)","decl":{"start":{"line":217,"column":28},"end":{"line":217,"column":29}},"loc":{"start":{"line":217,"column":36},"end":{"line":217,"column":49}},"line":217},"11":{"name":"(anonymous_11)","decl":{"start":{"line":224,"column":2},"end":{"line":224,"column":3}},"loc":{"start":{"line":224,"column":27},"end":{"line":226,"column":3}},"line":224},"12":{"name":"(anonymous_12)","decl":{"start":{"line":225,"column":29},"end":{"line":225,"column":30}},"loc":{"start":{"line":225,"column":37},"end":{"line":225,"column":51}},"line":225},"13":{"name":"(anonymous_13)","decl":{"start":{"line":232,"column":2},"end":{"line":232,"column":3}},"loc":{"start":{"line":232,"column":24},"end":{"line":234,"column":3}},"line":232},"14":{"name":"(anonymous_14)","decl":{"start":{"line":233,"column":30},"end":{"line":233,"column":31}},"loc":{"start":{"line":233,"column":38},"end":{"line":233,"column":57}},"line":233}},"branchMap":{"0":{"loc":{"start":{"line":7,"column":14},"end":{"line":7,"column":23}},"type":"default-arg","locations":[{"start":{"line":7,"column":21},"end":{"line":7,"column":23}}],"line":7},"1":{"loc":{"start":{"line":45,"column":11},"end":{"line":45,"column":69}},"type":"binary-expr","locations":[{"start":{"line":45,"column":11},"end":{"line":45,"column":19}},{"start":{"line":45,"column":23},"end":{"line":45,"column":38}},{"start":{"line":45,"column":42},"end":{"line":45,"column":50}},{"start":{"line":45,"column":54},"end":{"line":45,"column":69}}],"line":45},"2":{"loc":{"start":{"line":58,"column":18},"end":{"line":58,"column":72}},"type":"cond-expr","locations":[{"start":{"line":58,"column":49},"end":{"line":58,"column":57}},{"start":{"line":58,"column":60},"end":{"line":58,"column":72}}],"line":58},"3":{"loc":{"start":{"line":59,"column":18},"end":{"line":59,"column":72}},"type":"cond-expr","locations":[{"start":{"line":59,"column":49},"end":{"line":59,"column":61}},{"start":{"line":59,"column":64},"end":{"line":59,"column":72}}],"line":59},"4":{"loc":{"start":{"line":61,"column":6},"end":{"line":63,"column":7}},"type":"if","locations":[{"start":{"line":61,"column":6},"end":{"line":63,"column":7}},{"start":{},"end":{}}],"line":61},"5":{"loc":{"start":{"line":61,"column":10},"end":{"line":61,"column":72}},"type":"binary-expr","locations":[{"start":{"line":61,"column":10},"end":{"line":61,"column":41}},{"start":{"line":61,"column":45},"end":{"line":61,"column":72}}],"line":61},"6":{"loc":{"start":{"line":77,"column":51},"end":{"line":77,"column":69}},"type":"default-arg","locations":[{"start":{"line":77,"column":64},"end":{"line":77,"column":69}}],"line":77},"7":{"loc":{"start":{"line":78,"column":4},"end":{"line":80,"column":5}},"type":"if","locations":[{"start":{"line":78,"column":4},"end":{"line":80,"column":5}},{"start":{},"end":{}}],"line":78},"8":{"loc":{"start":{"line":85,"column":4},"end":{"line":91,"column":5}},"type":"if","locations":[{"start":{"line":85,"column":4},"end":{"line":91,"column":5}},{"start":{},"end":{}}],"line":85},"9":{"loc":{"start":{"line":87,"column":20},"end":{"line":87,"column":74}},"type":"cond-expr","locations":[{"start":{"line":87,"column":51},"end":{"line":87,"column":59}},{"start":{"line":87,"column":62},"end":{"line":87,"column":74}}],"line":87},"10":{"loc":{"start":{"line":88,"column":20},"end":{"line":88,"column":74}},"type":"cond-expr","locations":[{"start":{"line":88,"column":51},"end":{"line":88,"column":63}},{"start":{"line":88,"column":66},"end":{"line":88,"column":74}}],"line":88},"11":{"loc":{"start":{"line":103,"column":31},"end":{"line":103,"column":45}},"type":"default-arg","locations":[{"start":{"line":103,"column":44},"end":{"line":103,"column":45}}],"line":103},"12":{"loc":{"start":{"line":103,"column":47},"end":{"line":103,"column":65}},"type":"default-arg","locations":[{"start":{"line":103,"column":60},"end":{"line":103,"column":65}}],"line":103},"13":{"loc":{"start":{"line":111,"column":13},"end":{"line":111,"column":46}},"type":"binary-expr","locations":[{"start":{"line":111,"column":13},"end":{"line":111,"column":20}},{"start":{"line":111,"column":24},"end":{"line":111,"column":46}}],"line":111},"14":{"loc":{"start":{"line":113,"column":28},"end":{"line":113,"column":75}},"type":"cond-expr","locations":[{"start":{"line":113,"column":50},"end":{"line":113,"column":62}},{"start":{"line":113,"column":65},"end":{"line":113,"column":75}}],"line":113},"15":{"loc":{"start":{"line":115,"column":23},"end":{"line":115,"column":88}},"type":"cond-expr","locations":[{"start":{"line":115,"column":54},"end":{"line":115,"column":63}},{"start":{"line":115,"column":66},"end":{"line":115,"column":88}}],"line":115},"16":{"loc":{"start":{"line":116,"column":23},"end":{"line":116,"column":88}},"type":"cond-expr","locations":[{"start":{"line":116,"column":54},"end":{"line":116,"column":76}},{"start":{"line":116,"column":79},"end":{"line":116,"column":88}}],"line":116},"17":{"loc":{"start":{"line":121,"column":8},"end":{"line":124,"column":9}},"type":"if","locations":[{"start":{"line":121,"column":8},"end":{"line":124,"column":9}},{"start":{},"end":{}}],"line":121},"18":{"loc":{"start":{"line":128,"column":6},"end":{"line":130,"column":7}},"type":"if","locations":[{"start":{"line":128,"column":6},"end":{"line":130,"column":7}},{"start":{},"end":{}}],"line":128},"19":{"loc":{"start":{"line":145,"column":4},"end":{"line":147,"column":5}},"type":"if","locations":[{"start":{"line":145,"column":4},"end":{"line":147,"column":5}},{"start":{},"end":{}}],"line":145},"20":{"loc":{"start":{"line":149,"column":4},"end":{"line":151,"column":5}},"type":"if","locations":[{"start":{"line":149,"column":4},"end":{"line":151,"column":5}},{"start":{},"end":{}}],"line":149},"21":{"loc":{"start":{"line":159,"column":6},"end":{"line":166,"column":7}},"type":"if","locations":[{"start":{"line":159,"column":6},"end":{"line":166,"column":7}},{"start":{},"end":{}}],"line":159},"22":{"loc":{"start":{"line":169,"column":4},"end":{"line":172,"column":5}},"type":"if","locations":[{"start":{"line":169,"column":4},"end":{"line":172,"column":5}},{"start":{},"end":{}}],"line":169},"23":{"loc":{"start":{"line":177,"column":12},"end":{"line":177,"column":38}},"type":"binary-expr","locations":[{"start":{"line":177,"column":12},"end":{"line":177,"column":29}},{"start":{"line":177,"column":33},"end":{"line":177,"column":38}}],"line":177},"24":{"loc":{"start":{"line":190,"column":27},"end":{"line":190,"column":44}},"type":"default-arg","locations":[{"start":{"line":190,"column":39},"end":{"line":190,"column":44}}],"line":190},"25":{"loc":{"start":{"line":191,"column":4},"end":{"line":193,"column":5}},"type":"if","locations":[{"start":{"line":191,"column":4},"end":{"line":193,"column":5}},{"start":{},"end":{}}],"line":191},"26":{"loc":{"start":{"line":197,"column":4},"end":{"line":199,"column":5}},"type":"if","locations":[{"start":{"line":197,"column":4},"end":{"line":199,"column":5}},{"start":{},"end":{}}],"line":197},"27":{"loc":{"start":{"line":201,"column":4},"end":{"line":203,"column":5}},"type":"if","locations":[{"start":{"line":201,"column":4},"end":{"line":203,"column":5}},{"start":{},"end":{}}],"line":201},"28":{"loc":{"start":{"line":205,"column":4},"end":{"line":207,"column":5}},"type":"if","locations":[{"start":{"line":205,"column":4},"end":{"line":207,"column":5}},{"start":{},"end":{}}],"line":205},"29":{"loc":{"start":{"line":205,"column":8},"end":{"line":205,"column":49}},"type":"binary-expr","locations":[{"start":{"line":205,"column":8},"end":{"line":205,"column":18}},{"start":{"line":205,"column":22},"end":{"line":205,"column":49}}],"line":205}},"s":{"0":113,"1":113,"2":113,"3":113,"4":113,"5":113,"6":152,"7":972,"8":39,"9":39,"10":39,"11":39,"12":39,"13":654,"14":329,"15":329,"16":489,"17":489,"18":489,"19":215,"20":114,"21":321,"22":211,"23":110,"24":110,"25":110,"26":52,"27":52,"28":120,"29":120,"30":120,"31":110,"32":41,"33":41,"34":41,"35":83,"36":83,"37":83,"38":83,"39":291,"40":291,"41":291,"42":291,"43":291,"44":291,"45":291,"46":81,"47":81,"48":291,"49":83,"50":2,"51":39,"52":48,"53":48,"54":1,"55":47,"56":3,"57":44,"58":44,"59":44,"60":44,"61":62,"62":29,"63":29,"64":29,"65":29,"66":29,"67":29,"68":44,"69":15,"70":15,"71":44,"72":109,"73":2,"74":107,"75":107,"76":10,"77":97,"78":2,"79":95,"80":5,"81":90,"82":13,"83":18,"84":15,"85":30,"86":3,"87":4},"f":{"0":113,"1":972,"2":39,"3":654,"4":329,"5":321,"6":41,"7":48,"8":109,"9":13,"10":18,"11":15,"12":30,"13":3,"14":4},"b":{"0":[1],"1":[654,609,605,546],"2":[292,197],"3":[292,197],"4":[215,274],"5":[489,386],"6":[0],"7":[211,110],"8":[52,58],"9":[78,42],"10":[78,42],"11":[0],"12":[0],"13":[374,293],"14":[153,138],"15":[153,138],"16":[153,138],"17":[81,210],"18":[2,81],"19":[1,47],"20":[3,44],"21":[29,33],"22":[15,29],"23":[44,34],"24":[3],"25":[2,107],"26":[10,97],"27":[2,95],"28":[5,90],"29":[95,48]},"inputSourceMap":null,"_coverageSchema":"1a1c01bbd47fc00a2c39e90264f33305004495a9","hash":"72c2c1fd4bf81dabb2a26a41e7783265cdc3f44a"}
,"/home/fojia/Projects/Vention/edu-ai-challenge-2025/7/src/CPUPlayer.js": {"path":"/home/fojia/Projects/Vention/edu-ai-challenge-2025/7/src/CPUPlayer.js","statementMap":{"0":{"start":{"line":7,"column":4},"end":{"line":7,"column":31}},"1":{"start":{"line":8,"column":4},"end":{"line":8,"column":23}},"2":{"start":{"line":9,"column":4},"end":{"line":9,"column":26}},"3":{"start":{"line":10,"column":4},"end":{"line":10,"column":29}},"4":{"start":{"line":11,"column":4},"end":{"line":11,"column":24}},"5":{"start":{"line":12,"column":4},"end":{"line":12,"column":26}},"6":{"start":{"line":19,"column":4},"end":{"line":19,"column":23}},"7":{"start":{"line":20,"column":4},"end":{"line":20,"column":26}},"8":{"start":{"line":21,"column":4},"end":{"line":21,"column":25}},"9":{"start":{"line":22,"column":4},"end":{"line":22,"column":24}},"10":{"start":{"line":23,"column":4},"end":{"line":23,"column":26}},"11":{"start":{"line":33,"column":4},"end":{"line":38,"column":5}},"12":{"start":{"line":34,"column":6},"end":{"line":34,"column":38}},"13":{"start":{"line":36,"column":6},"end":{"line":36,"column":34}},"14":{"start":{"line":37,"column":6},"end":{"line":37,"column":25}},"15":{"start":{"line":40,"column":21},"end":{"line":40,"column":45}},"16":{"start":{"line":41,"column":4},"end":{"line":41,"column":31}},"17":{"start":{"line":43,"column":4},"end":{"line":43,"column":16}},"18":{"start":{"line":51,"column":4},"end":{"line":53,"column":5}},"19":{"start":{"line":52,"column":6},"end":{"line":52,"column":13}},"20":{"start":{"line":55,"column":25},"end":{"line":55,"column":61}},"21":{"start":{"line":57,"column":4},"end":{"line":87,"column":5}},"22":{"start":{"line":58,"column":6},"end":{"line":58,"column":34}},"23":{"start":{"line":59,"column":6},"end":{"line":59,"column":42}},"24":{"start":{"line":61,"column":6},"end":{"line":70,"column":7}},"25":{"start":{"line":63,"column":8},"end":{"line":63,"column":27}},"26":{"start":{"line":64,"column":8},"end":{"line":64,"column":30}},"27":{"start":{"line":65,"column":8},"end":{"line":65,"column":30}},"28":{"start":{"line":68,"column":8},"end":{"line":68,"column":29}},"29":{"start":{"line":69,"column":8},"end":{"line":69,"column":43}},"30":{"start":{"line":73,"column":6},"end":{"line":86,"column":7}},"31":{"start":{"line":74,"column":8},"end":{"line":74,"column":46}},"32":{"start":{"line":77,"column":8},"end":{"line":79,"column":9}},"33":{"start":{"line":78,"column":10},"end":{"line":78,"column":40}},"34":{"start":{"line":82,"column":8},"end":{"line":85,"column":9}},"35":{"start":{"line":83,"column":10},"end":{"line":83,"column":29}},"36":{"start":{"line":84,"column":10},"end":{"line":84,"column":32}},"37":{"start":{"line":97,"column":4},"end":{"line":104,"column":5}},"38":{"start":{"line":98,"column":21},"end":{"line":98,"column":45}},"39":{"start":{"line":99,"column":23},"end":{"line":99,"column":51}},"40":{"start":{"line":101,"column":6},"end":{"line":103,"column":7}},"41":{"start":{"line":102,"column":8},"end":{"line":102,"column":22}},"42":{"start":{"line":107,"column":4},"end":{"line":107,"column":32}},"43":{"start":{"line":117,"column":27},"end":{"line":117,"column":55}},"44":{"start":{"line":119,"column":4},"end":{"line":122,"column":5}},"45":{"start":{"line":120,"column":26},"end":{"line":120,"column":75}},"46":{"start":{"line":121,"column":6},"end":{"line":121,"column":41}},"47":{"start":{"line":125,"column":4},"end":{"line":125,"column":42}},"48":{"start":{"line":134,"column":18},"end":{"line":134,"column":20}},"49":{"start":{"line":136,"column":4},"end":{"line":145,"column":5}},"50":{"start":{"line":136,"column":19},"end":{"line":136,"column":20}},"51":{"start":{"line":137,"column":6},"end":{"line":144,"column":7}},"52":{"start":{"line":137,"column":21},"end":{"line":137,"column":22}},"53":{"start":{"line":138,"column":25},"end":{"line":138,"column":39}},"54":{"start":{"line":141,"column":8},"end":{"line":143,"column":9}},"55":{"start":{"line":142,"column":10},"end":{"line":142,"column":35}},"56":{"start":{"line":147,"column":4},"end":{"line":147,"column":17}},"57":{"start":{"line":156,"column":27},"end":{"line":156,"column":29}},"58":{"start":{"line":158,"column":4},"end":{"line":165,"column":5}},"59":{"start":{"line":158,"column":19},"end":{"line":158,"column":20}},"60":{"start":{"line":159,"column":6},"end":{"line":164,"column":7}},"61":{"start":{"line":159,"column":21},"end":{"line":159,"column":22}},"62":{"start":{"line":160,"column":25},"end":{"line":160,"column":39}},"63":{"start":{"line":161,"column":8},"end":{"line":163,"column":9}},"64":{"start":{"line":162,"column":10},"end":{"line":162,"column":44}},"65":{"start":{"line":167,"column":4},"end":{"line":169,"column":5}},"66":{"start":{"line":168,"column":6},"end":{"line":168,"column":49}},"67":{"start":{"line":171,"column":24},"end":{"line":171,"column":73}},"68":{"start":{"line":172,"column":4},"end":{"line":172,"column":39}},"69":{"start":{"line":182,"column":21},"end":{"line":187,"column":5}},"70":{"start":{"line":189,"column":4},"end":{"line":197,"column":5}},"71":{"start":{"line":190,"column":23},"end":{"line":190,"column":51}},"72":{"start":{"line":192,"column":6},"end":{"line":196,"column":7}},"73":{"start":{"line":194,"column":38},"end":{"line":194,"column":82}},"74":{"start":{"line":195,"column":8},"end":{"line":195,"column":38}},"75":{"start":{"line":200,"column":4},"end":{"line":200,"column":75}},"76":{"start":{"line":200,"column":36},"end":{"line":200,"column":73}},"77":{"start":{"line":208,"column":4},"end":{"line":210,"column":5}},"78":{"start":{"line":209,"column":6},"end":{"line":209,"column":13}},"79":{"start":{"line":213,"column":23},"end":{"line":216,"column":6}},"80":{"start":{"line":214,"column":6},"end":{"line":214,"column":48}},"81":{"start":{"line":214,"column":27},"end":{"line":214,"column":48}},"82":{"start":{"line":215,"column":6},"end":{"line":215,"column":27}},"83":{"start":{"line":218,"column":25},"end":{"line":218,"column":79}},"84":{"start":{"line":218,"column":49},"end":{"line":218,"column":78}},"85":{"start":{"line":219,"column":23},"end":{"line":219,"column":77}},"86":{"start":{"line":219,"column":47},"end":{"line":219,"column":76}},"87":{"start":{"line":221,"column":4},"end":{"line":237,"column":5}},"88":{"start":{"line":223,"column":21},"end":{"line":223,"column":60}},"89":{"start":{"line":223,"column":53},"end":{"line":223,"column":58}},"90":{"start":{"line":224,"column":21},"end":{"line":224,"column":60}},"91":{"start":{"line":224,"column":53},"end":{"line":224,"column":58}},"92":{"start":{"line":225,"column":18},"end":{"line":225,"column":35}},"93":{"start":{"line":227,"column":6},"end":{"line":227,"column":49}},"94":{"start":{"line":228,"column":6},"end":{"line":228,"column":49}},"95":{"start":{"line":229,"column":11},"end":{"line":237,"column":5}},"96":{"start":{"line":231,"column":21},"end":{"line":231,"column":60}},"97":{"start":{"line":231,"column":53},"end":{"line":231,"column":58}},"98":{"start":{"line":232,"column":21},"end":{"line":232,"column":60}},"99":{"start":{"line":232,"column":53},"end":{"line":232,"column":58}},"100":{"start":{"line":233,"column":18},"end":{"line":233,"column":35}},"101":{"start":{"line":235,"column":6},"end":{"line":235,"column":49}},"102":{"start":{"line":236,"column":6},"end":{"line":236,"column":49}},"103":{"start":{"line":248,"column":21},"end":{"line":248,"column":35}},"104":{"start":{"line":250,"column":4},"end":{"line":254,"column":5}},"105":{"start":{"line":252,"column":36},"end":{"line":252,"column":66}},"106":{"start":{"line":253,"column":6},"end":{"line":253,"column":52}},"107":{"start":{"line":264,"column":4},"end":{"line":266,"column":6}},"108":{"start":{"line":265,"column":16},"end":{"line":265,"column":56}},"109":{"start":{"line":277,"column":4},"end":{"line":277,"column":80}},"110":{"start":{"line":287,"column":4},"end":{"line":290,"column":6}},"111":{"start":{"line":298,"column":4},"end":{"line":303,"column":6}}},"fnMap":{"0":{"name":"(anonymous_0)","decl":{"start":{"line":6,"column":2},"end":{"line":6,"column":3}},"loc":{"start":{"line":6,"column":30},"end":{"line":13,"column":3}},"line":6},"1":{"name":"(anonymous_1)","decl":{"start":{"line":18,"column":2},"end":{"line":18,"column":3}},"loc":{"start":{"line":18,"column":10},"end":{"line":24,"column":3}},"line":18},"2":{"name":"(anonymous_2)","decl":{"start":{"line":30,"column":2},"end":{"line":30,"column":3}},"loc":{"start":{"line":30,"column":13},"end":{"line":44,"column":3}},"line":30},"3":{"name":"(anonymous_3)","decl":{"start":{"line":50,"column":2},"end":{"line":50,"column":3}},"loc":{"start":{"line":50,"column":24},"end":{"line":88,"column":3}},"line":50},"4":{"name":"(anonymous_4)","decl":{"start":{"line":194,"column":33},"end":{"line":194,"column":34}},"loc":{"start":{"line":194,"column":38},"end":{"line":194,"column":82}},"line":194},"5":{"name":"(anonymous_5)","decl":{"start":{"line":200,"column":26},"end":{"line":200,"column":27}},"loc":{"start":{"line":200,"column":36},"end":{"line":200,"column":73}},"line":200},"6":{"name":"(anonymous_6)","decl":{"start":{"line":213,"column":50},"end":{"line":213,"column":51}},"loc":{"start":{"line":213,"column":60},"end":{"line":216,"column":5}},"line":213},"7":{"name":"(anonymous_7)","decl":{"start":{"line":218,"column":42},"end":{"line":218,"column":43}},"loc":{"start":{"line":218,"column":49},"end":{"line":218,"column":78}},"line":218},"8":{"name":"(anonymous_8)","decl":{"start":{"line":219,"column":40},"end":{"line":219,"column":41}},"loc":{"start":{"line":219,"column":47},"end":{"line":219,"column":76}},"line":219},"9":{"name":"(anonymous_9)","decl":{"start":{"line":223,"column":48},"end":{"line":223,"column":49}},"loc":{"start":{"line":223,"column":53},"end":{"line":223,"column":58}},"line":223},"10":{"name":"(anonymous_10)","decl":{"start":{"line":224,"column":48},"end":{"line":224,"column":49}},"loc":{"start":{"line":224,"column":53},"end":{"line":224,"column":58}},"line":224},"11":{"name":"(anonymous_11)","decl":{"start":{"line":231,"column":48},"end":{"line":231,"column":49}},"loc":{"start":{"line":231,"column":53},"end":{"line":231,"column":58}},"line":231},"12":{"name":"(anonymous_12)","decl":{"start":{"line":232,"column":48},"end":{"line":232,"column":49}},"loc":{"start":{"line":232,"column":53},"end":{"line":232,"column":58}},"line":232},"13":{"name":"(anonymous_13)","decl":{"start":{"line":252,"column":31},"end":{"line":252,"column":32}},"loc":{"start":{"line":252,"column":36},"end":{"line":252,"column":66}},"line":252},"14":{"name":"(anonymous_14)","decl":{"start":{"line":265,"column":6},"end":{"line":265,"column":7}},"loc":{"start":{"line":265,"column":16},"end":{"line":265,"column":56}},"line":265},"15":{"name":"(anonymous_15)","decl":{"start":{"line":297,"column":2},"end":{"line":297,"column":3}},"loc":{"start":{"line":297,"column":13},"end":{"line":304,"column":3}},"line":297}},"branchMap":{"0":{"loc":{"start":{"line":6,"column":14},"end":{"line":6,"column":28}},"type":"default-arg","locations":[{"start":{"line":6,"column":26},"end":{"line":6,"column":28}}],"line":6},"1":{"loc":{"start":{"line":33,"column":4},"end":{"line":38,"column":5}},"type":"if","locations":[{"start":{"line":33,"column":4},"end":{"line":38,"column":5}},{"start":{"line":35,"column":11},"end":{"line":38,"column":5}}],"line":33},"2":{"loc":{"start":{"line":33,"column":8},"end":{"line":33,"column":61}},"type":"binary-expr","locations":[{"start":{"line":33,"column":8},"end":{"line":33,"column":30}},{"start":{"line":33,"column":34},"end":{"line":33,"column":61}}],"line":33},"3":{"loc":{"start":{"line":51,"column":4},"end":{"line":53,"column":5}},"type":"if","locations":[{"start":{"line":51,"column":4},"end":{"line":53,"column":5}},{"start":{},"end":{}}],"line":51},"4":{"loc":{"start":{"line":57,"column":4},"end":{"line":87,"column":5}},"type":"if","locations":[{"start":{"line":57,"column":4},"end":{"line":87,"column":5}},{"start":{"line":71,"column":11},"end":{"line":87,"column":5}}],"line":57},"5":{"loc":{"start":{"line":61,"column":6},"end":{"line":70,"column":7}},"type":"if","locations":[{"start":{"line":61,"column":6},"end":{"line":70,"column":7}},{"start":{"line":66,"column":13},"end":{"line":70,"column":7}}],"line":61},"6":{"loc":{"start":{"line":73,"column":6},"end":{"line":86,"column":7}},"type":"if","locations":[{"start":{"line":73,"column":6},"end":{"line":86,"column":7}},{"start":{},"end":{}}],"line":73},"7":{"loc":{"start":{"line":77,"column":8},"end":{"line":79,"column":9}},"type":"if","locations":[{"start":{"line":77,"column":8},"end":{"line":79,"column":9}},{"start":{},"end":{}}],"line":77},"8":{"loc":{"start":{"line":77,"column":12},"end":{"line":77,"column":72}},"type":"binary-expr","locations":[{"start":{"line":77,"column":12},"end":{"line":77,"column":41}},{"start":{"line":77,"column":45},"end":{"line":77,"column":72}}],"line":77},"9":{"loc":{"start":{"line":82,"column":8},"end":{"line":85,"column":9}},"type":"if","locations":[{"start":{"line":82,"column":8},"end":{"line":85,"column":9}},{"start":{},"end":{}}],"line":82},"10":{"loc":{"start":{"line":101,"column":6},"end":{"line":103,"column":7}},"type":"if","locations":[{"start":{"line":101,"column":6},"end":{"line":103,"column":7}},{"start":{},"end":{}}],"line":101},"11":{"loc":{"start":{"line":101,"column":10},"end":{"line":101,"column":86}},"type":"binary-expr","locations":[{"start":{"line":101,"column":10},"end":{"line":101,"column":37}},{"start":{"line":101,"column":41},"end":{"line":101,"column":86}}],"line":101},"12":{"loc":{"start":{"line":119,"column":4},"end":{"line":122,"column":5}},"type":"if","locations":[{"start":{"line":119,"column":4},"end":{"line":122,"column":5}},{"start":{},"end":{}}],"line":119},"13":{"loc":{"start":{"line":141,"column":8},"end":{"line":143,"column":9}},"type":"if","locations":[{"start":{"line":141,"column":8},"end":{"line":143,"column":9}},{"start":{},"end":{}}],"line":141},"14":{"loc":{"start":{"line":141,"column":12},"end":{"line":141,"column":64}},"type":"binary-expr","locations":[{"start":{"line":141,"column":12},"end":{"line":141,"column":33}},{"start":{"line":141,"column":37},"end":{"line":141,"column":64}}],"line":141},"15":{"loc":{"start":{"line":161,"column":8},"end":{"line":163,"column":9}},"type":"if","locations":[{"start":{"line":161,"column":8},"end":{"line":163,"column":9}},{"start":{},"end":{}}],"line":161},"16":{"loc":{"start":{"line":167,"column":4},"end":{"line":169,"column":5}},"type":"if","locations":[{"start":{"line":167,"column":4},"end":{"line":169,"column":5}},{"start":{},"end":{}}],"line":167},"17":{"loc":{"start":{"line":192,"column":6},"end":{"line":196,"column":7}},"type":"if","locations":[{"start":{"line":192,"column":6},"end":{"line":196,"column":7}},{"start":{},"end":{}}],"line":192},"18":{"loc":{"start":{"line":192,"column":10},"end":{"line":194,"column":83}},"type":"binary-expr","locations":[{"start":{"line":192,"column":10},"end":{"line":192,"column":55}},{"start":{"line":193,"column":10},"end":{"line":193,"column":37}},{"start":{"line":194,"column":10},"end":{"line":194,"column":83}}],"line":192},"19":{"loc":{"start":{"line":194,"column":38},"end":{"line":194,"column":82}},"type":"binary-expr","locations":[{"start":{"line":194,"column":38},"end":{"line":194,"column":58}},{"start":{"line":194,"column":62},"end":{"line":194,"column":82}}],"line":194},"20":{"loc":{"start":{"line":200,"column":37},"end":{"line":200,"column":52}},"type":"binary-expr","locations":[{"start":{"line":200,"column":37},"end":{"line":200,"column":47}},{"start":{"line":200,"column":51},"end":{"line":200,"column":52}}],"line":200},"21":{"loc":{"start":{"line":200,"column":57},"end":{"line":200,"column":72}},"type":"binary-expr","locations":[{"start":{"line":200,"column":57},"end":{"line":200,"column":67}},{"start":{"line":200,"column":71},"end":{"line":200,"column":72}}],"line":200},"22":{"loc":{"start":{"line":208,"column":4},"end":{"line":210,"column":5}},"type":"if","locations":[{"start":{"line":208,"column":4},"end":{"line":210,"column":5}},{"start":{},"end":{}}],"line":208},"23":{"loc":{"start":{"line":214,"column":6},"end":{"line":214,"column":48}},"type":"if","locations":[{"start":{"line":214,"column":6},"end":{"line":214,"column":48}},{"start":{},"end":{}}],"line":214},"24":{"loc":{"start":{"line":221,"column":4},"end":{"line":237,"column":5}},"type":"if","locations":[{"start":{"line":221,"column":4},"end":{"line":237,"column":5}},{"start":{"line":229,"column":11},"end":{"line":237,"column":5}}],"line":221},"25":{"loc":{"start":{"line":229,"column":11},"end":{"line":237,"column":5}},"type":"if","locations":[{"start":{"line":229,"column":11},"end":{"line":237,"column":5}},{"start":{},"end":{}}],"line":229},"26":{"loc":{"start":{"line":247,"column":30},"end":{"line":247,"column":42}},"type":"default-arg","locations":[{"start":{"line":247,"column":41},"end":{"line":247,"column":42}}],"line":247},"27":{"loc":{"start":{"line":250,"column":4},"end":{"line":254,"column":5}},"type":"if","locations":[{"start":{"line":250,"column":4},"end":{"line":254,"column":5}},{"start":{},"end":{}}],"line":250},"28":{"loc":{"start":{"line":250,"column":8},"end":{"line":252,"column":67}},"type":"binary-expr","locations":[{"start":{"line":250,"column":8},"end":{"line":250,"column":39}},{"start":{"line":251,"column":8},"end":{"line":251,"column":35}},{"start":{"line":252,"column":8},"end":{"line":252,"column":67}}],"line":250},"29":{"loc":{"start":{"line":252,"column":36},"end":{"line":252,"column":66}},"type":"binary-expr","locations":[{"start":{"line":252,"column":36},"end":{"line":252,"column":49}},{"start":{"line":252,"column":53},"end":{"line":252,"column":66}}],"line":252},"30":{"loc":{"start":{"line":265,"column":16},"end":{"line":265,"column":56}},"type":"binary-expr","locations":[{"start":{"line":265,"column":16},"end":{"line":265,"column":34}},{"start":{"line":265,"column":38},"end":{"line":265,"column":56}}],"line":265},"31":{"loc":{"start":{"line":277,"column":11},"end":{"line":277,"column":79}},"type":"binary-expr","locations":[{"start":{"line":277,"column":11},"end":{"line":277,"column":19}},{"start":{"line":277,"column":23},"end":{"line":277,"column":43}},{"start":{"line":277,"column":47},"end":{"line":277,"column":55}},{"start":{"line":277,"column":59},"end":{"line":277,"column":79}}],"line":277}},"s":{"0":59,"1":59,"2":59,"3":59,"4":59,"5":59,"6":20,"7":20,"8":20,"9":20,"10":20,"11":20,"12":1,"13":19,"14":18,"15":19,"16":19,"17":19,"18":18,"19":1,"20":17,"21":17,"22":8,"23":8,"24":8,"25":1,"26":1,"27":1,"28":7,"29":7,"30":9,"31":4,"32":4,"33":2,"34":4,"35":1,"36":1,"37":1,"38":1,"39":1,"40":1,"41":1,"42":0,"43":19,"44":19,"45":18,"46":18,"47":1,"48":19,"49":19,"50":19,"51":190,"52":190,"53":1900,"54":1900,"55":800,"56":19,"57":1,"58":1,"59":1,"60":10,"61":10,"62":100,"63":100,"64":0,"65":1,"66":1,"67":0,"68":0,"69":7,"70":7,"71":28,"72":28,"73":27,"74":22,"75":7,"76":15,"77":2,"78":0,"79":2,"80":2,"81":1,"82":1,"83":2,"84":4,"85":2,"86":4,"87":2,"88":1,"89":2,"90":1,"91":2,"92":1,"93":1,"94":1,"95":1,"96":1,"97":2,"98":1,"99":2,"100":1,"101":1,"102":1,"103":4,"104":4,"105":2,"106":4,"107":4,"108":5,"109":33,"110":17,"111":9},"f":{"0":59,"1":20,"2":20,"3":18,"4":27,"5":15,"6":2,"7":4,"8":4,"9":2,"10":2,"11":2,"12":2,"13":2,"14":5,"15":9},"b":{"0":[0],"1":[1,19],"2":[20,1],"3":[1,17],"4":[8,9],"5":[1,7],"6":[4,5],"7":[2,2],"8":[4,3],"9":[1,3],"10":[1,0],"11":[1,1],"12":[18,1],"13":[800,1100],"14":[1900,950],"15":[0,100],"16":[1,0],"17":[22,6],"18":[28,24,22],"19":[27,4],"20":[15,0],"21":[15,0],"22":[0,2],"23":[1,1],"24":[1,1],"25":[1,0],"26":[0],"27":[4,0],"28":[4,4,4],"29":[2,1],"30":[5,5],"31":[33,32,31,30]},"inputSourceMap":null,"_coverageSchema":"1a1c01bbd47fc00a2c39e90264f33305004495a9","hash":"ee3d6aa0a1c0fdcf00343a01325b4141575d482e"}
,"/home/fojia/Projects/Vention/edu-ai-challenge-2025/7/src/Display.js": {"path":"/home/fojia/Projects/Vention/edu-ai-challenge-2025/7/src/Display.js","statementMap":{"0":{"start":{"line":11,"column":4},"end":{"line":11,"column":75}},"1":{"start":{"line":14,"column":19},"end":{"line":14,"column":91}},"2":{"start":{"line":14,"column":79},"end":{"line":14,"column":80}},"3":{"start":{"line":15,"column":4},"end":{"line":15,"column":43}},"4":{"start":{"line":18,"column":4},"end":{"line":34,"column":5}},"5":{"start":{"line":18,"column":19},"end":{"line":18,"column":20}},"6":{"start":{"line":19,"column":19},"end":{"line":19,"column":28}},"7":{"start":{"line":22,"column":6},"end":{"line":24,"column":7}},"8":{"start":{"line":22,"column":21},"end":{"line":22,"column":22}},"9":{"start":{"line":23,"column":8},"end":{"line":23,"column":69}},"10":{"start":{"line":26,"column":6},"end":{"line":26,"column":35}},"11":{"start":{"line":29,"column":6},"end":{"line":31,"column":7}},"12":{"start":{"line":29,"column":21},"end":{"line":29,"column":22}},"13":{"start":{"line":30,"column":8},"end":{"line":30,"column":68}},"14":{"start":{"line":33,"column":6},"end":{"line":33,"column":26}},"15":{"start":{"line":35,"column":4},"end":{"line":35,"column":22}},"16":{"start":{"line":45,"column":4},"end":{"line":45,"column":41}},"17":{"start":{"line":48,"column":19},"end":{"line":48,"column":83}},"18":{"start":{"line":48,"column":71},"end":{"line":48,"column":72}},"19":{"start":{"line":49,"column":4},"end":{"line":49,"column":24}},"20":{"start":{"line":52,"column":4},"end":{"line":58,"column":5}},"21":{"start":{"line":52,"column":19},"end":{"line":52,"column":20}},"22":{"start":{"line":53,"column":19},"end":{"line":53,"column":28}},"23":{"start":{"line":54,"column":6},"end":{"line":56,"column":7}},"24":{"start":{"line":54,"column":21},"end":{"line":54,"column":22}},"25":{"start":{"line":55,"column":8},"end":{"line":55,"column":66}},"26":{"start":{"line":57,"column":6},"end":{"line":57,"column":26}},"27":{"start":{"line":59,"column":4},"end":{"line":59,"column":20}},"28":{"start":{"line":68,"column":24},"end":{"line":68,"column":60}},"29":{"start":{"line":69,"column":26},"end":{"line":69,"column":64}},"30":{"start":{"line":71,"column":4},"end":{"line":71,"column":32}},"31":{"start":{"line":72,"column":4},"end":{"line":72,"column":56}},"32":{"start":{"line":73,"column":4},"end":{"line":73,"column":62}},"33":{"start":{"line":74,"column":4},"end":{"line":74,"column":61}},"34":{"start":{"line":75,"column":4},"end":{"line":75,"column":67}},"35":{"start":{"line":76,"column":4},"end":{"line":76,"column":32}},"36":{"start":{"line":83,"column":4},"end":{"line":83,"column":39}},"37":{"start":{"line":84,"column":4},"end":{"line":84,"column":49}},"38":{"start":{"line":85,"column":4},"end":{"line":85,"column":32}},"39":{"start":{"line":86,"column":4},"end":{"line":86,"column":71}},"40":{"start":{"line":87,"column":4},"end":{"line":87,"column":29}},"41":{"start":{"line":88,"column":4},"end":{"line":88,"column":39}},"42":{"start":{"line":89,"column":4},"end":{"line":89,"column":34}},"43":{"start":{"line":90,"column":4},"end":{"line":90,"column":27}},"44":{"start":{"line":91,"column":4},"end":{"line":91,"column":28}},"45":{"start":{"line":92,"column":4},"end":{"line":92,"column":72}},"46":{"start":{"line":93,"column":4},"end":{"line":93,"column":32}},"47":{"start":{"line":101,"column":4},"end":{"line":101,"column":39}},"48":{"start":{"line":102,"column":4},"end":{"line":108,"column":5}},"49":{"start":{"line":103,"column":6},"end":{"line":103,"column":70}},"50":{"start":{"line":104,"column":6},"end":{"line":104,"column":48}},"51":{"start":{"line":106,"column":6},"end":{"line":106,"column":69}},"52":{"start":{"line":107,"column":6},"end":{"line":107,"column":52}},"53":{"start":{"line":109,"column":4},"end":{"line":109,"column":39}},"54":{"start":{"line":118,"column":4},"end":{"line":118,"column":60}},"55":{"start":{"line":128,"column":21},"end":{"line":128,"column":45}},"56":{"start":{"line":130,"column":4},"end":{"line":133,"column":5}},"57":{"start":{"line":131,"column":6},"end":{"line":131,"column":67}},"58":{"start":{"line":132,"column":6},"end":{"line":132,"column":13}},"59":{"start":{"line":135,"column":4},"end":{"line":143,"column":5}},"60":{"start":{"line":136,"column":6},"end":{"line":140,"column":7}},"61":{"start":{"line":137,"column":8},"end":{"line":137,"column":75}},"62":{"start":{"line":139,"column":8},"end":{"line":139,"column":56}},"63":{"start":{"line":142,"column":6},"end":{"line":142,"column":54}},"64":{"start":{"line":151,"column":4},"end":{"line":151,"column":46}},"65":{"start":{"line":159,"column":4},"end":{"line":159,"column":33}},"66":{"start":{"line":167,"column":4},"end":{"line":167,"column":32}},"67":{"start":{"line":175,"column":4},"end":{"line":175,"column":34}},"68":{"start":{"line":183,"column":4},"end":{"line":183,"column":32}},"69":{"start":{"line":190,"column":4},"end":{"line":192,"column":5}},"70":{"start":{"line":191,"column":6},"end":{"line":191,"column":22}},"71":{"start":{"line":201,"column":4},"end":{"line":201,"column":37}},"72":{"start":{"line":210,"column":4},"end":{"line":212,"column":5}},"73":{"start":{"line":211,"column":6},"end":{"line":211,"column":62}}},"fnMap":{"0":{"name":"(anonymous_0)","decl":{"start":{"line":10,"column":2},"end":{"line":10,"column":3}},"loc":{"start":{"line":10,"column":49},"end":{"line":36,"column":3}},"line":10},"1":{"name":"(anonymous_1)","decl":{"start":{"line":14,"column":69},"end":{"line":14,"column":70}},"loc":{"start":{"line":14,"column":79},"end":{"line":14,"column":80}},"line":14},"2":{"name":"(anonymous_2)","decl":{"start":{"line":44,"column":2},"end":{"line":44,"column":3}},"loc":{"start":{"line":44,"column":63},"end":{"line":60,"column":3}},"line":44},"3":{"name":"(anonymous_3)","decl":{"start":{"line":48,"column":61},"end":{"line":48,"column":62}},"loc":{"start":{"line":48,"column":71},"end":{"line":48,"column":72}},"line":48},"4":{"name":"(anonymous_4)","decl":{"start":{"line":67,"column":2},"end":{"line":67,"column":3}},"loc":{"start":{"line":67,"column":48},"end":{"line":77,"column":3}},"line":67},"5":{"name":"(anonymous_5)","decl":{"start":{"line":82,"column":2},"end":{"line":82,"column":3}},"loc":{"start":{"line":82,"column":24},"end":{"line":94,"column":3}},"line":82},"6":{"name":"(anonymous_6)","decl":{"start":{"line":100,"column":2},"end":{"line":100,"column":3}},"loc":{"start":{"line":100,"column":34},"end":{"line":110,"column":3}},"line":100},"7":{"name":"(anonymous_7)","decl":{"start":{"line":117,"column":2},"end":{"line":117,"column":3}},"loc":{"start":{"line":117,"column":46},"end":{"line":119,"column":3}},"line":117},"8":{"name":"(anonymous_8)","decl":{"start":{"line":127,"column":2},"end":{"line":127,"column":3}},"loc":{"start":{"line":127,"column":47},"end":{"line":144,"column":3}},"line":127},"9":{"name":"(anonymous_9)","decl":{"start":{"line":150,"column":2},"end":{"line":150,"column":3}},"loc":{"start":{"line":150,"column":27},"end":{"line":152,"column":3}},"line":150},"10":{"name":"(anonymous_10)","decl":{"start":{"line":158,"column":2},"end":{"line":158,"column":3}},"loc":{"start":{"line":158,"column":29},"end":{"line":160,"column":3}},"line":158},"11":{"name":"(anonymous_11)","decl":{"start":{"line":166,"column":2},"end":{"line":166,"column":3}},"loc":{"start":{"line":166,"column":29},"end":{"line":168,"column":3}},"line":166},"12":{"name":"(anonymous_12)","decl":{"start":{"line":174,"column":2},"end":{"line":174,"column":3}},"loc":{"start":{"line":174,"column":28},"end":{"line":176,"column":3}},"line":174},"13":{"name":"(anonymous_13)","decl":{"start":{"line":182,"column":2},"end":{"line":182,"column":3}},"loc":{"start":{"line":182,"column":31},"end":{"line":184,"column":3}},"line":182},"14":{"name":"(anonymous_14)","decl":{"start":{"line":189,"column":2},"end":{"line":189,"column":3}},"loc":{"start":{"line":189,"column":23},"end":{"line":193,"column":3}},"line":189},"15":{"name":"(anonymous_15)","decl":{"start":{"line":200,"column":2},"end":{"line":200,"column":3}},"loc":{"start":{"line":200,"column":49},"end":{"line":202,"column":3}},"line":200},"16":{"name":"(anonymous_16)","decl":{"start":{"line":209,"column":2},"end":{"line":209,"column":3}},"loc":{"start":{"line":209,"column":45},"end":{"line":213,"column":3}},"line":209}},"branchMap":{"0":{"loc":{"start":{"line":44,"column":27},"end":{"line":44,"column":42}},"type":"default-arg","locations":[{"start":{"line":44,"column":35},"end":{"line":44,"column":42}}],"line":44},"1":{"loc":{"start":{"line":44,"column":44},"end":{"line":44,"column":61}},"type":"default-arg","locations":[{"start":{"line":44,"column":56},"end":{"line":44,"column":61}}],"line":44},"2":{"loc":{"start":{"line":102,"column":4},"end":{"line":108,"column":5}},"type":"if","locations":[{"start":{"line":102,"column":4},"end":{"line":108,"column":5}},{"start":{"line":105,"column":11},"end":{"line":108,"column":5}}],"line":102},"3":{"loc":{"start":{"line":130,"column":4},"end":{"line":133,"column":5}},"type":"if","locations":[{"start":{"line":130,"column":4},"end":{"line":133,"column":5}},{"start":{},"end":{}}],"line":130},"4":{"loc":{"start":{"line":135,"column":4},"end":{"line":143,"column":5}},"type":"if","locations":[{"start":{"line":135,"column":4},"end":{"line":143,"column":5}},{"start":{"line":141,"column":11},"end":{"line":143,"column":5}}],"line":135},"5":{"loc":{"start":{"line":136,"column":6},"end":{"line":140,"column":7}},"type":"if","locations":[{"start":{"line":136,"column":6},"end":{"line":140,"column":7}},{"start":{"line":138,"column":13},"end":{"line":140,"column":7}}],"line":136},"6":{"loc":{"start":{"line":190,"column":4},"end":{"line":192,"column":5}},"type":"if","locations":[{"start":{"line":190,"column":4},"end":{"line":192,"column":5}},{"start":{},"end":{}}],"line":190},"7":{"loc":{"start":{"line":200,"column":24},"end":{"line":200,"column":34}},"type":"default-arg","locations":[{"start":{"line":200,"column":31},"end":{"line":200,"column":34}}],"line":200},"8":{"loc":{"start":{"line":200,"column":36},"end":{"line":200,"column":47}},"type":"default-arg","locations":[{"start":{"line":200,"column":45},"end":{"line":200,"column":47}}],"line":200},"9":{"loc":{"start":{"line":209,"column":26},"end":{"line":209,"column":43}},"type":"default-arg","locations":[{"start":{"line":209,"column":38},"end":{"line":209,"column":43}}],"line":209},"10":{"loc":{"start":{"line":210,"column":4},"end":{"line":212,"column":5}},"type":"if","locations":[{"start":{"line":210,"column":4},"end":{"line":212,"column":5}},{"start":{},"end":{}}],"line":210}},"s":{"0":2,"1":2,"2":10,"3":2,"4":2,"5":2,"6":10,"7":10,"8":10,"9":50,"10":10,"11":10,"12":10,"13":50,"14":10,"15":2,"16":0,"17":0,"18":0,"19":0,"20":0,"21":0,"22":0,"23":0,"24":0,"25":0,"26":0,"27":0,"28":0,"29":0,"30":0,"31":0,"32":0,"33":0,"34":0,"35":0,"36":0,"37":0,"38":0,"39":0,"40":0,"41":0,"42":0,"43":0,"44":0,"45":0,"46":0,"47":2,"48":2,"49":1,"50":1,"51":1,"52":1,"53":2,"54":36,"55":0,"56":0,"57":0,"58":0,"59":0,"60":0,"61":0,"62":0,"63":0,"64":0,"65":0,"66":0,"67":19,"68":18,"69":0,"70":0,"71":0,"72":0,"73":0},"f":{"0":2,"1":10,"2":0,"3":0,"4":0,"5":0,"6":2,"7":36,"8":0,"9":0,"10":0,"11":0,"12":19,"13":18,"14":0,"15":0,"16":0},"b":{"0":[0],"1":[0],"2":[1,1],"3":[0,0],"4":[0,0],"5":[0,0],"6":[0,0],"7":[0],"8":[0],"9":[0],"10":[0,0]},"inputSourceMap":null,"_coverageSchema":"1a1c01bbd47fc00a2c39e90264f33305004495a9","hash":"927ab5b1b8abdfc2875e3994a907ee2647fbb2ad"}
,"/home/fojia/Projects/Vention/edu-ai-challenge-2025/7/src/GameEngine.js": {"path":"/home/fojia/Projects/Vention/edu-ai-challenge-2025/7/src/GameEngine.js","statementMap":{"0":{"start":{"line":11,"column":4},"end":{"line":17,"column":6}},"1":{"start":{"line":19,"column":4},"end":{"line":19,"column":56}},"2":{"start":{"line":20,"column":4},"end":{"line":20,"column":53}},"3":{"start":{"line":21,"column":4},"end":{"line":21,"column":58}},"4":{"start":{"line":23,"column":4},"end":{"line":23,"column":26}},"5":{"start":{"line":24,"column":4},"end":{"line":24,"column":34}},"6":{"start":{"line":27,"column":4},"end":{"line":30,"column":7}},"7":{"start":{"line":37,"column":4},"end":{"line":48,"column":5}},"8":{"start":{"line":38,"column":6},"end":{"line":38,"column":29}},"9":{"start":{"line":39,"column":6},"end":{"line":39,"column":34}},"10":{"start":{"line":40,"column":6},"end":{"line":40,"column":28}},"11":{"start":{"line":42,"column":6},"end":{"line":42,"column":57}},"12":{"start":{"line":43,"column":6},"end":{"line":45,"column":7}},"13":{"start":{"line":44,"column":8},"end":{"line":44,"column":29}},"14":{"start":{"line":47,"column":6},"end":{"line":47,"column":21}},"15":{"start":{"line":55,"column":4},"end":{"line":55,"column":48}},"16":{"start":{"line":58,"column":4},"end":{"line":58,"column":29}},"17":{"start":{"line":59,"column":4},"end":{"line":59,"column":26}},"18":{"start":{"line":60,"column":4},"end":{"line":60,"column":27}},"19":{"start":{"line":61,"column":4},"end":{"line":61,"column":26}},"20":{"start":{"line":62,"column":4},"end":{"line":62,"column":34}},"21":{"start":{"line":65,"column":4},"end":{"line":84,"column":5}},"22":{"start":{"line":66,"column":6},"end":{"line":70,"column":8}},"23":{"start":{"line":71,"column":6},"end":{"line":71,"column":65}},"24":{"start":{"line":73,"column":6},"end":{"line":77,"column":8}},"25":{"start":{"line":78,"column":6},"end":{"line":78,"column":62}},"26":{"start":{"line":80,"column":6},"end":{"line":80,"column":51}},"27":{"start":{"line":83,"column":6},"end":{"line":83,"column":65}},"28":{"start":{"line":91,"column":4},"end":{"line":113,"column":5}},"29":{"start":{"line":92,"column":6},"end":{"line":112,"column":7}},"30":{"start":{"line":93,"column":8},"end":{"line":93,"column":61}},"31":{"start":{"line":95,"column":8},"end":{"line":99,"column":9}},"32":{"start":{"line":96,"column":10},"end":{"line":96,"column":40}},"33":{"start":{"line":98,"column":10},"end":{"line":98,"column":37}},"34":{"start":{"line":101,"column":8},"end":{"line":101,"column":28}},"35":{"start":{"line":103,"column":8},"end":{"line":105,"column":9}},"36":{"start":{"line":104,"column":10},"end":{"line":104,"column":30}},"37":{"start":{"line":108,"column":8},"end":{"line":108,"column":59}},"38":{"start":{"line":109,"column":8},"end":{"line":111,"column":9}},"39":{"start":{"line":110,"column":10},"end":{"line":110,"column":31}},"40":{"start":{"line":120,"column":4},"end":{"line":120,"column":32}},"41":{"start":{"line":122,"column":20},"end":{"line":122,"column":25}},"42":{"start":{"line":123,"column":4},"end":{"line":146,"column":5}},"43":{"start":{"line":124,"column":6},"end":{"line":145,"column":7}},"44":{"start":{"line":125,"column":22},"end":{"line":125,"column":80}},"45":{"start":{"line":126,"column":21},"end":{"line":126,"column":43}},"46":{"start":{"line":128,"column":8},"end":{"line":131,"column":9}},"47":{"start":{"line":129,"column":10},"end":{"line":129,"column":90}},"48":{"start":{"line":130,"column":10},"end":{"line":130,"column":19}},"49":{"start":{"line":133,"column":23},"end":{"line":133,"column":69}},"50":{"start":{"line":134,"column":8},"end":{"line":134,"column":56}},"51":{"start":{"line":136,"column":8},"end":{"line":141,"column":9}},"52":{"start":{"line":137,"column":10},"end":{"line":137,"column":27}},"53":{"start":{"line":138,"column":10},"end":{"line":138,"column":82}},"54":{"start":{"line":140,"column":10},"end":{"line":140,"column":44}},"55":{"start":{"line":144,"column":8},"end":{"line":144,"column":60}},"56":{"start":{"line":153,"column":4},"end":{"line":153,"column":29}},"57":{"start":{"line":156,"column":4},"end":{"line":156,"column":27}},"58":{"start":{"line":158,"column":4},"end":{"line":173,"column":5}},"59":{"start":{"line":159,"column":19},"end":{"line":159,"column":44}},"60":{"start":{"line":160,"column":21},"end":{"line":160,"column":70}},"61":{"start":{"line":162,"column":6},"end":{"line":162,"column":51}},"62":{"start":{"line":163,"column":6},"end":{"line":163,"column":43}},"63":{"start":{"line":165,"column":6},"end":{"line":169,"column":32}},"64":{"start":{"line":172,"column":6},"end":{"line":172,"column":59}},"65":{"start":{"line":182,"column":4},"end":{"line":184,"column":5}},"66":{"start":{"line":183,"column":6},"end":{"line":183,"column":18}},"67":{"start":{"line":186,"column":20},"end":{"line":186,"column":32}},"68":{"start":{"line":189,"column":4},"end":{"line":191,"column":5}},"69":{"start":{"line":190,"column":6},"end":{"line":190,"column":18}},"70":{"start":{"line":193,"column":16},"end":{"line":193,"column":36}},"71":{"start":{"line":194,"column":16},"end":{"line":194,"column":36}},"72":{"start":{"line":197,"column":4},"end":{"line":199,"column":5}},"73":{"start":{"line":198,"column":6},"end":{"line":198,"column":18}},"74":{"start":{"line":202,"column":4},"end":{"line":205,"column":5}},"75":{"start":{"line":204,"column":6},"end":{"line":204,"column":18}},"76":{"start":{"line":207,"column":4},"end":{"line":207,"column":24}},"77":{"start":{"line":216,"column":4},"end":{"line":220,"column":7}},"78":{"start":{"line":217,"column":6},"end":{"line":219,"column":9}},"79":{"start":{"line":218,"column":8},"end":{"line":218,"column":24}},"80":{"start":{"line":227,"column":4},"end":{"line":227,"column":76}},"81":{"start":{"line":234,"column":22},"end":{"line":234,"column":53}},"82":{"start":{"line":235,"column":19},"end":{"line":235,"column":53}},"83":{"start":{"line":237,"column":4},"end":{"line":245,"column":5}},"84":{"start":{"line":238,"column":6},"end":{"line":238,"column":27}},"85":{"start":{"line":239,"column":6},"end":{"line":239,"column":59}},"86":{"start":{"line":240,"column":6},"end":{"line":240,"column":39}},"87":{"start":{"line":242,"column":6},"end":{"line":244,"column":7}},"88":{"start":{"line":243,"column":8},"end":{"line":243,"column":60}},"89":{"start":{"line":254,"column":4},"end":{"line":254,"column":59}},"90":{"start":{"line":254,"column":34},"end":{"line":254,"column":57}},"91":{"start":{"line":261,"column":4},"end":{"line":263,"column":5}},"92":{"start":{"line":262,"column":6},"end":{"line":262,"column":22}},"93":{"start":{"line":270,"column":4},"end":{"line":270,"column":32}},"94":{"start":{"line":278,"column":4},"end":{"line":286,"column":6}},"95":{"start":{"line":297,"column":4},"end":{"line":309,"column":5}},"96":{"start":{"line":298,"column":6},"end":{"line":298,"column":50}},"97":{"start":{"line":299,"column":11},"end":{"line":309,"column":5}},"98":{"start":{"line":301,"column":23},"end":{"line":301,"column":37}},"99":{"start":{"line":302,"column":6},"end":{"line":302,"column":43}},"100":{"start":{"line":304,"column":21},"end":{"line":304,"column":60}},"101":{"start":{"line":305,"column":6},"end":{"line":305,"column":43}},"102":{"start":{"line":306,"column":6},"end":{"line":306,"column":20}},"103":{"start":{"line":308,"column":6},"end":{"line":308,"column":50}},"104":{"start":{"line":317,"column":4},"end":{"line":317,"column":36}}},"fnMap":{"0":{"name":"(anonymous_0)","decl":{"start":{"line":10,"column":2},"end":{"line":10,"column":3}},"loc":{"start":{"line":10,"column":27},"end":{"line":31,"column":3}},"line":10},"1":{"name":"(anonymous_1)","decl":{"start":{"line":36,"column":2},"end":{"line":36,"column":3}},"loc":{"start":{"line":36,"column":20},"end":{"line":49,"column":3}},"line":36},"2":{"name":"(anonymous_2)","decl":{"start":{"line":54,"column":2},"end":{"line":54,"column":3}},"loc":{"start":{"line":54,"column":25},"end":{"line":85,"column":3}},"line":54},"3":{"name":"(anonymous_3)","decl":{"start":{"line":90,"column":2},"end":{"line":90,"column":3}},"loc":{"start":{"line":90,"column":19},"end":{"line":114,"column":3}},"line":90},"4":{"name":"(anonymous_4)","decl":{"start":{"line":119,"column":2},"end":{"line":119,"column":3}},"loc":{"start":{"line":119,"column":27},"end":{"line":147,"column":3}},"line":119},"5":{"name":"(anonymous_5)","decl":{"start":{"line":152,"column":2},"end":{"line":152,"column":3}},"loc":{"start":{"line":152,"column":24},"end":{"line":174,"column":3}},"line":152},"6":{"name":"(anonymous_6)","decl":{"start":{"line":181,"column":2},"end":{"line":181,"column":3}},"loc":{"start":{"line":181,"column":20},"end":{"line":208,"column":3}},"line":181},"7":{"name":"(anonymous_7)","decl":{"start":{"line":215,"column":2},"end":{"line":215,"column":3}},"loc":{"start":{"line":215,"column":25},"end":{"line":221,"column":3}},"line":215},"8":{"name":"(anonymous_8)","decl":{"start":{"line":216,"column":23},"end":{"line":216,"column":24}},"loc":{"start":{"line":216,"column":36},"end":{"line":220,"column":5}},"line":216},"9":{"name":"(anonymous_9)","decl":{"start":{"line":217,"column":31},"end":{"line":217,"column":32}},"loc":{"start":{"line":217,"column":43},"end":{"line":219,"column":7}},"line":217},"10":{"name":"(anonymous_10)","decl":{"start":{"line":226,"column":2},"end":{"line":226,"column":3}},"loc":{"start":{"line":226,"column":17},"end":{"line":228,"column":3}},"line":226},"11":{"name":"(anonymous_11)","decl":{"start":{"line":233,"column":2},"end":{"line":233,"column":3}},"loc":{"start":{"line":233,"column":17},"end":{"line":246,"column":3}},"line":233},"12":{"name":"(anonymous_12)","decl":{"start":{"line":253,"column":2},"end":{"line":253,"column":3}},"loc":{"start":{"line":253,"column":12},"end":{"line":255,"column":3}},"line":253},"13":{"name":"(anonymous_13)","decl":{"start":{"line":254,"column":23},"end":{"line":254,"column":24}},"loc":{"start":{"line":254,"column":34},"end":{"line":254,"column":57}},"line":254},"14":{"name":"(anonymous_14)","decl":{"start":{"line":260,"column":2},"end":{"line":260,"column":3}},"loc":{"start":{"line":260,"column":12},"end":{"line":264,"column":3}},"line":260},"15":{"name":"(anonymous_15)","decl":{"start":{"line":269,"column":2},"end":{"line":269,"column":3}},"loc":{"start":{"line":269,"column":20},"end":{"line":271,"column":3}},"line":269},"16":{"name":"(anonymous_16)","decl":{"start":{"line":277,"column":2},"end":{"line":277,"column":3}},"loc":{"start":{"line":277,"column":17},"end":{"line":287,"column":3}},"line":277},"17":{"name":"(anonymous_17)","decl":{"start":{"line":296,"column":2},"end":{"line":296,"column":3}},"loc":{"start":{"line":296,"column":29},"end":{"line":310,"column":3}},"line":296},"18":{"name":"(anonymous_18)","decl":{"start":{"line":316,"column":2},"end":{"line":316,"column":3}},"loc":{"start":{"line":316,"column":24},"end":{"line":318,"column":3}},"line":316}},"branchMap":{"0":{"loc":{"start":{"line":10,"column":14},"end":{"line":10,"column":25}},"type":"default-arg","locations":[{"start":{"line":10,"column":23},"end":{"line":10,"column":25}}],"line":10},"1":{"loc":{"start":{"line":12,"column":17},"end":{"line":12,"column":39}},"type":"binary-expr","locations":[{"start":{"line":12,"column":17},"end":{"line":12,"column":33}},{"start":{"line":12,"column":37},"end":{"line":12,"column":39}}],"line":12},"2":{"loc":{"start":{"line":13,"column":16},"end":{"line":13,"column":36}},"type":"binary-expr","locations":[{"start":{"line":13,"column":16},"end":{"line":13,"column":31}},{"start":{"line":13,"column":35},"end":{"line":13,"column":36}}],"line":13},"3":{"loc":{"start":{"line":14,"column":18},"end":{"line":14,"column":40}},"type":"binary-expr","locations":[{"start":{"line":14,"column":18},"end":{"line":14,"column":35}},{"start":{"line":14,"column":39},"end":{"line":14,"column":40}}],"line":14},"4":{"loc":{"start":{"line":15,"column":17},"end":{"line":15,"column":42}},"type":"binary-expr","locations":[{"start":{"line":15,"column":17},"end":{"line":15,"column":33}},{"start":{"line":15,"column":37},"end":{"line":15,"column":42}}],"line":15},"5":{"loc":{"start":{"line":43,"column":6},"end":{"line":45,"column":7}},"type":"if","locations":[{"start":{"line":43,"column":6},"end":{"line":45,"column":7}},{"start":{},"end":{}}],"line":43},"6":{"loc":{"start":{"line":95,"column":8},"end":{"line":99,"column":9}},"type":"if","locations":[{"start":{"line":95,"column":8},"end":{"line":99,"column":9}},{"start":{"line":97,"column":15},"end":{"line":99,"column":9}}],"line":95},"7":{"loc":{"start":{"line":103,"column":8},"end":{"line":105,"column":9}},"type":"if","locations":[{"start":{"line":103,"column":8},"end":{"line":105,"column":9}},{"start":{},"end":{}}],"line":103},"8":{"loc":{"start":{"line":109,"column":8},"end":{"line":111,"column":9}},"type":"if","locations":[{"start":{"line":109,"column":8},"end":{"line":111,"column":9}},{"start":{},"end":{}}],"line":109},"9":{"loc":{"start":{"line":123,"column":11},"end":{"line":123,"column":39}},"type":"binary-expr","locations":[{"start":{"line":123,"column":11},"end":{"line":123,"column":21}},{"start":{"line":123,"column":25},"end":{"line":123,"column":39}}],"line":123},"10":{"loc":{"start":{"line":128,"column":8},"end":{"line":131,"column":9}},"type":"if","locations":[{"start":{"line":128,"column":8},"end":{"line":131,"column":9}},{"start":{},"end":{}}],"line":128},"11":{"loc":{"start":{"line":136,"column":8},"end":{"line":141,"column":9}},"type":"if","locations":[{"start":{"line":136,"column":8},"end":{"line":141,"column":9}},{"start":{"line":139,"column":15},"end":{"line":141,"column":9}}],"line":136},"12":{"loc":{"start":{"line":182,"column":4},"end":{"line":184,"column":5}},"type":"if","locations":[{"start":{"line":182,"column":4},"end":{"line":184,"column":5}},{"start":{},"end":{}}],"line":182},"13":{"loc":{"start":{"line":182,"column":8},"end":{"line":182,"column":43}},"type":"binary-expr","locations":[{"start":{"line":182,"column":8},"end":{"line":182,"column":14}},{"start":{"line":182,"column":18},"end":{"line":182,"column":43}}],"line":182},"14":{"loc":{"start":{"line":189,"column":4},"end":{"line":191,"column":5}},"type":"if","locations":[{"start":{"line":189,"column":4},"end":{"line":191,"column":5}},{"start":{},"end":{}}],"line":189},"15":{"loc":{"start":{"line":197,"column":4},"end":{"line":199,"column":5}},"type":"if","locations":[{"start":{"line":197,"column":4},"end":{"line":199,"column":5}},{"start":{},"end":{}}],"line":197},"16":{"loc":{"start":{"line":197,"column":8},"end":{"line":197,"column":32}},"type":"binary-expr","locations":[{"start":{"line":197,"column":8},"end":{"line":197,"column":18}},{"start":{"line":197,"column":22},"end":{"line":197,"column":32}}],"line":197},"17":{"loc":{"start":{"line":202,"column":4},"end":{"line":205,"column":5}},"type":"if","locations":[{"start":{"line":202,"column":4},"end":{"line":205,"column":5}},{"start":{},"end":{}}],"line":202},"18":{"loc":{"start":{"line":202,"column":8},"end":{"line":203,"column":47}},"type":"binary-expr","locations":[{"start":{"line":202,"column":8},"end":{"line":202,"column":15}},{"start":{"line":202,"column":19},"end":{"line":202,"column":47}},{"start":{"line":203,"column":8},"end":{"line":203,"column":15}},{"start":{"line":203,"column":19},"end":{"line":203,"column":47}}],"line":202},"19":{"loc":{"start":{"line":227,"column":25},"end":{"line":227,"column":75}},"type":"cond-expr","locations":[{"start":{"line":227,"column":59},"end":{"line":227,"column":64}},{"start":{"line":227,"column":67},"end":{"line":227,"column":75}}],"line":227},"20":{"loc":{"start":{"line":237,"column":4},"end":{"line":245,"column":5}},"type":"if","locations":[{"start":{"line":237,"column":4},"end":{"line":245,"column":5}},{"start":{},"end":{}}],"line":237},"21":{"loc":{"start":{"line":237,"column":8},"end":{"line":237,"column":27}},"type":"binary-expr","locations":[{"start":{"line":237,"column":8},"end":{"line":237,"column":17}},{"start":{"line":237,"column":21},"end":{"line":237,"column":27}}],"line":237},"22":{"loc":{"start":{"line":242,"column":6},"end":{"line":244,"column":7}},"type":"if","locations":[{"start":{"line":242,"column":6},"end":{"line":244,"column":7}},{"start":{},"end":{}}],"line":242},"23":{"loc":{"start":{"line":261,"column":4},"end":{"line":263,"column":5}},"type":"if","locations":[{"start":{"line":261,"column":4},"end":{"line":263,"column":5}},{"start":{},"end":{}}],"line":261},"24":{"loc":{"start":{"line":297,"column":4},"end":{"line":309,"column":5}},"type":"if","locations":[{"start":{"line":297,"column":4},"end":{"line":309,"column":5}},{"start":{"line":299,"column":11},"end":{"line":309,"column":5}}],"line":297},"25":{"loc":{"start":{"line":299,"column":11},"end":{"line":309,"column":5}},"type":"if","locations":[{"start":{"line":299,"column":11},"end":{"line":309,"column":5}},{"start":{"line":307,"column":11},"end":{"line":309,"column":5}}],"line":299}},"s":{"0":35,"1":35,"2":35,"3":35,"4":35,"5":35,"6":35,"7":0,"8":0,"9":0,"10":0,"11":0,"12":0,"13":0,"14":0,"15":19,"16":19,"17":19,"18":19,"19":19,"20":19,"21":19,"22":19,"23":18,"24":18,"25":18,"26":18,"27":1,"28":0,"29":0,"30":0,"31":0,"32":0,"33":0,"34":0,"35":0,"36":0,"37":0,"38":0,"39":0,"40":0,"41":0,"42":0,"43":0,"44":0,"45":0,"46":0,"47":0,"48":0,"49":0,"50":0,"51":0,"52":0,"53":0,"54":0,"55":0,"56":0,"57":0,"58":0,"59":0,"60":0,"61":0,"62":0,"63":0,"64":0,"65":17,"66":3,"67":14,"68":14,"69":2,"70":12,"71":12,"72":12,"73":2,"74":10,"75":3,"76":7,"77":0,"78":0,"79":0,"80":2,"81":4,"82":4,"83":4,"84":2,"85":2,"86":2,"87":2,"88":0,"89":1,"90":1,"91":35,"92":34,"93":1,"94":6,"95":18,"96":11,"97":7,"98":6,"99":6,"100":6,"101":6,"102":6,"103":1,"104":2},"f":{"0":35,"1":0,"2":19,"3":0,"4":0,"5":0,"6":17,"7":0,"8":0,"9":0,"10":2,"11":4,"12":1,"13":1,"14":35,"15":1,"16":6,"17":18,"18":2},"b":{"0":[1],"1":[35,1],"2":[35,1],"3":[35,1],"4":[35,35],"5":[0,0],"6":[0,0],"7":[0,0],"8":[0,0],"9":[0,0],"10":[0,0],"11":[0,0],"12":[3,14],"13":[17,14],"14":[2,12],"15":[2,10],"16":[12,11],"17":[3,7],"18":[10,10,8,8],"19":[1,1],"20":[2,2],"21":[4,3],"22":[0,2],"23":[34,1],"24":[11,7],"25":[6,1]},"inputSourceMap":null,"_coverageSchema":"1a1c01bbd47fc00a2c39e90264f33305004495a9","hash":"d75571512d2983fd425721b982b629c89986aa33"}
,"/home/fojia/Projects/Vention/edu-ai-challenge-2025/7/src/Ship.js": {"path":"/home/fojia/Projects/Vention/edu-ai-challenge-2025/7/src/Ship.js","statementMap":{"0":{"start":{"line":6,"column":4},"end":{"line":6,"column":25}},"1":{"start":{"line":7,"column":4},"end":{"line":7,"column":24}},"2":{"start":{"line":8,"column":4},"end":{"line":8,"column":26}},"3":{"start":{"line":9,"column":4},"end":{"line":9,"column":28}},"4":{"start":{"line":10,"column":4},"end":{"line":10,"column":30}},"5":{"start":{"line":20,"column":4},"end":{"line":20,"column":58}},"6":{"start":{"line":21,"column":4},"end":{"line":21,"column":35}},"7":{"start":{"line":22,"column":4},"end":{"line":22,"column":24}},"8":{"start":{"line":24,"column":4},"end":{"line":28,"column":5}},"9":{"start":{"line":24,"column":17},"end":{"line":24,"column":18}},"10":{"start":{"line":25,"column":18},"end":{"line":25,"column":72}},"11":{"start":{"line":26,"column":18},"end":{"line":26,"column":72}},"12":{"start":{"line":27,"column":6},"end":{"line":27,"column":42}},"13":{"start":{"line":37,"column":4},"end":{"line":39,"column":5}},"14":{"start":{"line":38,"column":6},"end":{"line":38,"column":19}},"15":{"start":{"line":41,"column":4},"end":{"line":43,"column":5}},"16":{"start":{"line":42,"column":6},"end":{"line":42,"column":19}},"17":{"start":{"line":45,"column":4},"end":{"line":45,"column":28}},"18":{"start":{"line":46,"column":4},"end":{"line":46,"column":16}},"19":{"start":{"line":54,"column":4},"end":{"line":54,"column":42}},"20":{"start":{"line":63,"column":4},"end":{"line":63,"column":45}},"21":{"start":{"line":71,"column":4},"end":{"line":71,"column":31}},"22":{"start":{"line":79,"column":4},"end":{"line":79,"column":33}},"23":{"start":{"line":86,"column":4},"end":{"line":86,"column":22}},"24":{"start":{"line":87,"column":4},"end":{"line":87,"column":24}},"25":{"start":{"line":88,"column":4},"end":{"line":88,"column":28}},"26":{"start":{"line":89,"column":4},"end":{"line":89,"column":30}}},"fnMap":{"0":{"name":"(anonymous_0)","decl":{"start":{"line":5,"column":2},"end":{"line":5,"column":3}},"loc":{"start":{"line":5,"column":26},"end":{"line":11,"column":3}},"line":5},"1":{"name":"(anonymous_1)","decl":{"start":{"line":19,"column":2},"end":{"line":19,"column":3}},"loc":{"start":{"line":19,"column":41},"end":{"line":29,"column":3}},"line":19},"2":{"name":"(anonymous_2)","decl":{"start":{"line":36,"column":2},"end":{"line":36,"column":3}},"loc":{"start":{"line":36,"column":16},"end":{"line":47,"column":3}},"line":36},"3":{"name":"(anonymous_3)","decl":{"start":{"line":53,"column":2},"end":{"line":53,"column":3}},"loc":{"start":{"line":53,"column":11},"end":{"line":55,"column":3}},"line":53},"4":{"name":"(anonymous_4)","decl":{"start":{"line":62,"column":2},"end":{"line":62,"column":3}},"loc":{"start":{"line":62,"column":24},"end":{"line":64,"column":3}},"line":62},"5":{"name":"(anonymous_5)","decl":{"start":{"line":70,"column":2},"end":{"line":70,"column":3}},"loc":{"start":{"line":70,"column":17},"end":{"line":72,"column":3}},"line":70},"6":{"name":"(anonymous_6)","decl":{"start":{"line":78,"column":2},"end":{"line":78,"column":3}},"loc":{"start":{"line":78,"column":20},"end":{"line":80,"column":3}},"line":78},"7":{"name":"(anonymous_7)","decl":{"start":{"line":85,"column":2},"end":{"line":85,"column":3}},"loc":{"start":{"line":85,"column":10},"end":{"line":90,"column":3}},"line":85}},"branchMap":{"0":{"loc":{"start":{"line":5,"column":14},"end":{"line":5,"column":24}},"type":"default-arg","locations":[{"start":{"line":5,"column":23},"end":{"line":5,"column":24}}],"line":5},"1":{"loc":{"start":{"line":25,"column":18},"end":{"line":25,"column":72}},"type":"cond-expr","locations":[{"start":{"line":25,"column":49},"end":{"line":25,"column":57}},{"start":{"line":25,"column":60},"end":{"line":25,"column":72}}],"line":25},"2":{"loc":{"start":{"line":26,"column":18},"end":{"line":26,"column":72}},"type":"cond-expr","locations":[{"start":{"line":26,"column":49},"end":{"line":26,"column":61}},{"start":{"line":26,"column":64},"end":{"line":26,"column":72}}],"line":26},"3":{"loc":{"start":{"line":37,"column":4},"end":{"line":39,"column":5}},"type":"if","locations":[{"start":{"line":37,"column":4},"end":{"line":39,"column":5}},{"start":{},"end":{}}],"line":37},"4":{"loc":{"start":{"line":41,"column":4},"end":{"line":43,"column":5}},"type":"if","locations":[{"start":{"line":41,"column":4},"end":{"line":43,"column":5}},{"start":{},"end":{}}],"line":41}},"s":{"0":347,"1":347,"2":347,"3":347,"4":347,"5":130,"6":130,"7":130,"8":130,"9":130,"10":308,"11":308,"12":308,"13":45,"14":1,"15":44,"16":1,"17":43,"18":43,"19":83,"20":68,"21":6,"22":2,"23":2,"24":2,"25":2,"26":2},"f":{"0":347,"1":130,"2":45,"3":83,"4":68,"5":6,"6":2,"7":2},"b":{"0":[1],"1":[205,103],"2":[205,103],"3":[1,44],"4":[1,43]},"inputSourceMap":null,"_coverageSchema":"1a1c01bbd47fc00a2c39e90264f33305004495a9","hash":"f002e4fc1f4717ca579439e268fbfbb2226554a5"}
}
