TN:
SF:src/Board.js
FN:7,(anonymous_0)
FN:22,(anonymous_1)
FN:30,(anonymous_2)
FN:44,(anonymous_3)
FN:56,(anonymous_4)
FN:77,(anonymous_5)
FN:103,(anonymous_6)
FN:142,(anonymous_7)
FN:190,(anonymous_8)
FN:216,(anonymous_9)
FN:217,(anonymous_10)
FN:224,(anonymous_11)
FN:225,(anonymous_12)
FN:232,(anonymous_13)
FN:233,(anonymous_14)
FNF:15
FNH:15
FNDA:113,(anonymous_0)
FNDA:972,(anonymous_1)
FNDA:39,(anonymous_2)
FNDA:654,(anonymous_3)
FNDA:329,(anonymous_4)
FNDA:321,(anonymous_5)
FNDA:41,(anonymous_6)
FNDA:48,(anonymous_7)
FNDA:109,(anonymous_8)
FNDA:13,(anonymous_9)
FNDA:18,(anonymous_10)
FNDA:15,(anonymous_11)
FNDA:30,(anonymous_12)
FNDA:3,(anonymous_13)
FNDA:4,(anonymous_14)
DA:8,113
DA:9,113
DA:10,113
DA:11,113
DA:12,113
DA:13,113
DA:22,152
DA:23,972
DA:31,39
DA:32,39
DA:33,39
DA:34,39
DA:35,39
DA:45,654
DA:57,329
DA:58,489
DA:59,489
DA:61,489
DA:62,215
DA:65,114
DA:78,321
DA:79,211
DA:82,110
DA:83,110
DA:85,110
DA:86,52
DA:87,120
DA:88,120
DA:89,120
DA:93,110
DA:104,41
DA:106,41
DA:107,83
DA:108,83
DA:109,83
DA:111,83
DA:112,291
DA:113,291
DA:115,291
DA:116,291
DA:118,291
DA:119,291
DA:121,291
DA:122,81
DA:123,81
DA:125,291
DA:128,83
DA:129,2
DA:133,39
DA:143,48
DA:145,48
DA:146,1
DA:149,47
DA:150,3
DA:153,44
DA:154,44
DA:155,44
DA:158,44
DA:159,62
DA:160,29
DA:161,29
DA:162,29
DA:163,29
DA:164,29
DA:165,29
DA:169,44
DA:170,15
DA:171,15
DA:174,44
DA:191,109
DA:192,2
DA:195,107
DA:197,107
DA:198,10
DA:201,97
DA:202,2
DA:205,95
DA:206,5
DA:209,90
DA:217,18
DA:225,30
DA:233,4
LF:82
LH:82
BRDA:7,0,0,1
BRDA:45,1,0,654
BRDA:45,1,1,609
BRDA:45,1,2,605
BRDA:45,1,3,546
BRDA:58,2,0,292
BRDA:58,2,1,197
BRDA:59,3,0,292
BRDA:59,3,1,197
BRDA:61,4,0,215
BRDA:61,4,1,274
BRDA:61,5,0,489
BRDA:61,5,1,386
BRDA:77,6,0,0
BRDA:78,7,0,211
BRDA:78,7,1,110
BRDA:85,8,0,52
BRDA:85,8,1,58
BRDA:87,9,0,78
BRDA:87,9,1,42
BRDA:88,10,0,78
BRDA:88,10,1,42
BRDA:103,11,0,0
BRDA:103,12,0,0
BRDA:111,13,0,374
BRDA:111,13,1,293
BRDA:113,14,0,153
BRDA:113,14,1,138
BRDA:115,15,0,153
BRDA:115,15,1,138
BRDA:116,16,0,153
BRDA:116,16,1,138
BRDA:121,17,0,81
BRDA:121,17,1,210
BRDA:128,18,0,2
BRDA:128,18,1,81
BRDA:145,19,0,1
BRDA:145,19,1,47
BRDA:149,20,0,3
BRDA:149,20,1,44
BRDA:159,21,0,29
BRDA:159,21,1,33
BRDA:169,22,0,15
BRDA:169,22,1,29
BRDA:177,23,0,44
BRDA:177,23,1,34
BRDA:190,24,0,3
BRDA:191,25,0,2
BRDA:191,25,1,107
BRDA:197,26,0,10
BRDA:197,26,1,97
BRDA:201,27,0,2
BRDA:201,27,1,95
BRDA:205,28,0,5
BRDA:205,28,1,90
BRDA:205,29,0,95
BRDA:205,29,1,48
BRF:57
BRH:54
end_of_record
TN:
SF:src/CPUPlayer.js
FN:6,(anonymous_0)
FN:18,(anonymous_1)
FN:30,(anonymous_2)
FN:50,(anonymous_3)
FN:194,(anonymous_4)
FN:200,(anonymous_5)
FN:213,(anonymous_6)
FN:218,(anonymous_7)
FN:219,(anonymous_8)
FN:223,(anonymous_9)
FN:224,(anonymous_10)
FN:231,(anonymous_11)
FN:232,(anonymous_12)
FN:252,(anonymous_13)
FN:265,(anonymous_14)
FN:297,(anonymous_15)
FNF:16
FNH:16
FNDA:59,(anonymous_0)
FNDA:20,(anonymous_1)
FNDA:20,(anonymous_2)
FNDA:18,(anonymous_3)
FNDA:27,(anonymous_4)
FNDA:15,(anonymous_5)
FNDA:2,(anonymous_6)
FNDA:4,(anonymous_7)
FNDA:4,(anonymous_8)
FNDA:2,(anonymous_9)
FNDA:2,(anonymous_10)
FNDA:2,(anonymous_11)
FNDA:2,(anonymous_12)
FNDA:2,(anonymous_13)
FNDA:5,(anonymous_14)
FNDA:9,(anonymous_15)
DA:7,59
DA:8,59
DA:9,59
DA:10,59
DA:11,59
DA:12,59
DA:19,20
DA:20,20
DA:21,20
DA:22,20
DA:23,20
DA:33,20
DA:34,1
DA:36,19
DA:37,18
DA:40,19
DA:41,19
DA:43,19
DA:51,18
DA:52,1
DA:55,17
DA:57,17
DA:58,8
DA:59,8
DA:61,8
DA:63,1
DA:64,1
DA:65,1
DA:68,7
DA:69,7
DA:73,9
DA:74,4
DA:77,4
DA:78,2
DA:82,4
DA:83,1
DA:84,1
DA:97,1
DA:98,1
DA:99,1
DA:101,1
DA:102,1
DA:107,0
DA:117,19
DA:119,19
DA:120,18
DA:121,18
DA:125,1
DA:134,19
DA:136,19
DA:137,190
DA:138,1900
DA:141,1900
DA:142,800
DA:147,19
DA:156,1
DA:158,1
DA:159,10
DA:160,100
DA:161,100
DA:162,0
DA:167,1
DA:168,1
DA:171,0
DA:172,0
DA:182,7
DA:189,7
DA:190,28
DA:192,28
DA:194,27
DA:195,22
DA:200,15
DA:208,2
DA:209,0
DA:213,2
DA:214,2
DA:215,1
DA:218,4
DA:219,4
DA:221,2
DA:223,2
DA:224,2
DA:225,1
DA:227,1
DA:228,1
DA:229,1
DA:231,2
DA:232,2
DA:233,1
DA:235,1
DA:236,1
DA:248,4
DA:250,4
DA:252,2
DA:253,4
DA:264,4
DA:265,5
DA:277,33
DA:287,17
DA:298,9
LF:100
LH:95
BRDA:6,0,0,0
BRDA:33,1,0,1
BRDA:33,1,1,19
BRDA:33,2,0,20
BRDA:33,2,1,1
BRDA:51,3,0,1
BRDA:51,3,1,17
BRDA:57,4,0,8
BRDA:57,4,1,9
BRDA:61,5,0,1
BRDA:61,5,1,7
BRDA:73,6,0,4
BRDA:73,6,1,5
BRDA:77,7,0,2
BRDA:77,7,1,2
BRDA:77,8,0,4
BRDA:77,8,1,3
BRDA:82,9,0,1
BRDA:82,9,1,3
BRDA:101,10,0,1
BRDA:101,10,1,0
BRDA:101,11,0,1
BRDA:101,11,1,1
BRDA:119,12,0,18
BRDA:119,12,1,1
BRDA:141,13,0,800
BRDA:141,13,1,1100
BRDA:141,14,0,1900
BRDA:141,14,1,950
BRDA:161,15,0,0
BRDA:161,15,1,100
BRDA:167,16,0,1
BRDA:167,16,1,0
BRDA:192,17,0,22
BRDA:192,17,1,6
BRDA:192,18,0,28
BRDA:192,18,1,24
BRDA:192,18,2,22
BRDA:194,19,0,27
BRDA:194,19,1,4
BRDA:200,20,0,15
BRDA:200,20,1,0
BRDA:200,21,0,15
BRDA:200,21,1,0
BRDA:208,22,0,0
BRDA:208,22,1,2
BRDA:214,23,0,1
BRDA:214,23,1,1
BRDA:221,24,0,1
BRDA:221,24,1,1
BRDA:229,25,0,1
BRDA:229,25,1,0
BRDA:247,26,0,0
BRDA:250,27,0,4
BRDA:250,27,1,0
BRDA:250,28,0,4
BRDA:250,28,1,4
BRDA:250,28,2,4
BRDA:252,29,0,2
BRDA:252,29,1,1
BRDA:265,30,0,5
BRDA:265,30,1,5
BRDA:277,31,0,33
BRDA:277,31,1,32
BRDA:277,31,2,31
BRDA:277,31,3,30
BRF:66
BRH:56
end_of_record
TN:
SF:src/Display.js
FN:10,(anonymous_0)
FN:14,(anonymous_1)
FN:44,(anonymous_2)
FN:48,(anonymous_3)
FN:67,(anonymous_4)
FN:82,(anonymous_5)
FN:100,(anonymous_6)
FN:117,(anonymous_7)
FN:127,(anonymous_8)
FN:150,(anonymous_9)
FN:158,(anonymous_10)
FN:166,(anonymous_11)
FN:174,(anonymous_12)
FN:182,(anonymous_13)
FN:189,(anonymous_14)
FN:200,(anonymous_15)
FN:209,(anonymous_16)
FNF:17
FNH:6
FNDA:2,(anonymous_0)
FNDA:10,(anonymous_1)
FNDA:0,(anonymous_2)
FNDA:0,(anonymous_3)
FNDA:0,(anonymous_4)
FNDA:0,(anonymous_5)
FNDA:2,(anonymous_6)
FNDA:36,(anonymous_7)
FNDA:0,(anonymous_8)
FNDA:0,(anonymous_9)
FNDA:0,(anonymous_10)
FNDA:0,(anonymous_11)
FNDA:19,(anonymous_12)
FNDA:18,(anonymous_13)
FNDA:0,(anonymous_14)
FNDA:0,(anonymous_15)
FNDA:0,(anonymous_16)
DA:11,2
DA:14,10
DA:15,2
DA:18,2
DA:19,10
DA:22,10
DA:23,50
DA:26,10
DA:29,10
DA:30,50
DA:33,10
DA:35,2
DA:45,0
DA:48,0
DA:49,0
DA:52,0
DA:53,0
DA:54,0
DA:55,0
DA:57,0
DA:59,0
DA:68,0
DA:69,0
DA:71,0
DA:72,0
DA:73,0
DA:74,0
DA:75,0
DA:76,0
DA:83,0
DA:84,0
DA:85,0
DA:86,0
DA:87,0
DA:88,0
DA:89,0
DA:90,0
DA:91,0
DA:92,0
DA:93,0
DA:101,2
DA:102,2
DA:103,1
DA:104,1
DA:106,1
DA:107,1
DA:109,2
DA:118,36
DA:128,0
DA:130,0
DA:131,0
DA:132,0
DA:135,0
DA:136,0
DA:137,0
DA:139,0
DA:142,0
DA:151,0
DA:159,0
DA:167,0
DA:175,19
DA:183,18
DA:190,0
DA:191,0
DA:201,0
DA:210,0
DA:211,0
LF:67
LH:22
BRDA:44,0,0,0
BRDA:44,1,0,0
BRDA:102,2,0,1
BRDA:102,2,1,1
BRDA:130,3,0,0
BRDA:130,3,1,0
BRDA:135,4,0,0
BRDA:135,4,1,0
BRDA:136,5,0,0
BRDA:136,5,1,0
BRDA:190,6,0,0
BRDA:190,6,1,0
BRDA:200,7,0,0
BRDA:200,8,0,0
BRDA:209,9,0,0
BRDA:210,10,0,0
BRDA:210,10,1,0
BRF:17
BRH:2
end_of_record
TN:
SF:src/GameEngine.js
FN:10,(anonymous_0)
FN:36,(anonymous_1)
FN:54,(anonymous_2)
FN:90,(anonymous_3)
FN:119,(anonymous_4)
FN:152,(anonymous_5)
FN:181,(anonymous_6)
FN:215,(anonymous_7)
FN:216,(anonymous_8)
FN:217,(anonymous_9)
FN:226,(anonymous_10)
FN:233,(anonymous_11)
FN:253,(anonymous_12)
FN:254,(anonymous_13)
FN:260,(anonymous_14)
FN:269,(anonymous_15)
FN:277,(anonymous_16)
FN:296,(anonymous_17)
FN:316,(anonymous_18)
FNF:19
FNH:12
FNDA:35,(anonymous_0)
FNDA:0,(anonymous_1)
FNDA:19,(anonymous_2)
FNDA:0,(anonymous_3)
FNDA:0,(anonymous_4)
FNDA:0,(anonymous_5)
FNDA:17,(anonymous_6)
FNDA:0,(anonymous_7)
FNDA:0,(anonymous_8)
FNDA:0,(anonymous_9)
FNDA:2,(anonymous_10)
FNDA:4,(anonymous_11)
FNDA:1,(anonymous_12)
FNDA:1,(anonymous_13)
FNDA:35,(anonymous_14)
FNDA:1,(anonymous_15)
FNDA:6,(anonymous_16)
FNDA:18,(anonymous_17)
FNDA:2,(anonymous_18)
DA:11,35
DA:19,35
DA:20,35
DA:21,35
DA:23,35
DA:24,35
DA:27,35
DA:37,0
DA:38,0
DA:39,0
DA:40,0
DA:42,0
DA:43,0
DA:44,0
DA:47,0
DA:55,19
DA:58,19
DA:59,19
DA:60,19
DA:61,19
DA:62,19
DA:65,19
DA:66,19
DA:71,18
DA:73,18
DA:78,18
DA:80,18
DA:83,1
DA:91,0
DA:92,0
DA:93,0
DA:95,0
DA:96,0
DA:98,0
DA:101,0
DA:103,0
DA:104,0
DA:108,0
DA:109,0
DA:110,0
DA:120,0
DA:122,0
DA:123,0
DA:124,0
DA:125,0
DA:126,0
DA:128,0
DA:129,0
DA:130,0
DA:133,0
DA:134,0
DA:136,0
DA:137,0
DA:138,0
DA:140,0
DA:144,0
DA:153,0
DA:156,0
DA:158,0
DA:159,0
DA:160,0
DA:162,0
DA:163,0
DA:165,0
DA:172,0
DA:182,17
DA:183,3
DA:186,14
DA:189,14
DA:190,2
DA:193,12
DA:194,12
DA:197,12
DA:198,2
DA:202,10
DA:204,3
DA:207,7
DA:216,0
DA:217,0
DA:218,0
DA:227,2
DA:234,4
DA:235,4
DA:237,4
DA:238,2
DA:239,2
DA:240,2
DA:242,2
DA:243,0
DA:254,1
DA:261,35
DA:262,34
DA:270,1
DA:278,6
DA:297,18
DA:298,11
DA:299,7
DA:301,6
DA:302,6
DA:304,6
DA:305,6
DA:306,6
DA:308,1
DA:317,2
LF:104
LH:55
BRDA:10,0,0,1
BRDA:12,1,0,35
BRDA:12,1,1,1
BRDA:13,2,0,35
BRDA:13,2,1,1
BRDA:14,3,0,35
BRDA:14,3,1,1
BRDA:15,4,0,35
BRDA:15,4,1,35
BRDA:43,5,0,0
BRDA:43,5,1,0
BRDA:95,6,0,0
BRDA:95,6,1,0
BRDA:103,7,0,0
BRDA:103,7,1,0
BRDA:109,8,0,0
BRDA:109,8,1,0
BRDA:123,9,0,0
BRDA:123,9,1,0
BRDA:128,10,0,0
BRDA:128,10,1,0
BRDA:136,11,0,0
BRDA:136,11,1,0
BRDA:182,12,0,3
BRDA:182,12,1,14
BRDA:182,13,0,17
BRDA:182,13,1,14
BRDA:189,14,0,2
BRDA:189,14,1,12
BRDA:197,15,0,2
BRDA:197,15,1,10
BRDA:197,16,0,12
BRDA:197,16,1,11
BRDA:202,17,0,3
BRDA:202,17,1,7
BRDA:202,18,0,10
BRDA:202,18,1,10
BRDA:202,18,2,8
BRDA:202,18,3,8
BRDA:227,19,0,1
BRDA:227,19,1,1
BRDA:237,20,0,2
BRDA:237,20,1,2
BRDA:237,21,0,4
BRDA:237,21,1,3
BRDA:242,22,0,0
BRDA:242,22,1,2
BRDA:261,23,0,34
BRDA:261,23,1,1
BRDA:297,24,0,11
BRDA:297,24,1,7
BRDA:299,25,0,6
BRDA:299,25,1,1
BRF:53
BRH:38
end_of_record
TN:
SF:src/Ship.js
FN:5,(anonymous_0)
FN:19,(anonymous_1)
FN:36,(anonymous_2)
FN:53,(anonymous_3)
FN:62,(anonymous_4)
FN:70,(anonymous_5)
FN:78,(anonymous_6)
FN:85,(anonymous_7)
FNF:8
FNH:8
FNDA:347,(anonymous_0)
FNDA:130,(anonymous_1)
FNDA:45,(anonymous_2)
FNDA:83,(anonymous_3)
FNDA:68,(anonymous_4)
FNDA:6,(anonymous_5)
FNDA:2,(anonymous_6)
FNDA:2,(anonymous_7)
DA:6,347
DA:7,347
DA:8,347
DA:9,347
DA:10,347
DA:20,130
DA:21,130
DA:22,130
DA:24,130
DA:25,308
DA:26,308
DA:27,308
DA:37,45
DA:38,1
DA:41,44
DA:42,1
DA:45,43
DA:46,43
DA:54,83
DA:63,68
DA:71,6
DA:79,2
DA:86,2
DA:87,2
DA:88,2
DA:89,2
LF:26
LH:26
BRDA:5,0,0,1
BRDA:25,1,0,205
BRDA:25,1,1,103
BRDA:26,2,0,205
BRDA:26,2,1,103
BRDA:37,3,0,1
BRDA:37,3,1,44
BRDA:41,4,0,1
BRDA:41,4,1,43
BRF:9
BRH:9
end_of_record
